[ 2016-03-02T10:22:32+08:00 ] 128.1.1.63 /index.php/home/index
INFO: [ app_init ] --START--
INFO: Run Behavior\BuildLiteBehavior [ RunTime:0.000055s ]
INFO: [ app_init ] --END-- [ RunTime:0.085529s ]
INFO: [ app_begin ] --START--
INFO: Run Behavior\ReadHtmlCacheBehavior [ RunTime:0.027703s ]
INFO: [ app_begin ] --END-- [ RunTime:0.027901s ]
ERR: 无法加载控制器:Home

[ 2016-03-02T10:22:39+08:00 ] 128.1.1.63 /index.php
INFO: [ app_init ] --START--
INFO: Run Behavior\BuildLiteBehavior [ RunTime:0.000037s ]
INFO: [ app_init ] --END-- [ RunTime:0.000568s ]
INFO: [ app_begin ] --START--
INFO: Run Behavior\ReadHtmlCacheBehavior [ RunTime:0.000713s ]
INFO: [ app_begin ] --END-- [ RunTime:0.000869s ]
SQL: SHOW COLUMNS FROM `think_pet_intro` [ RunTime:0.1125s ]
SQL: SHOW COLUMNS FROM `think_pet_intro` [ RunTime:0.0050s ]
SQL: SHOW COLUMNS FROM `think_pet_type` [ RunTime:0.0453s ]
SQL: SHOW COLUMNS FROM `think_pet_type` [ RunTime:0.0041s ]
SQL: SELECT * FROM `think_pet_type` LIMIT 20   [ RunTime:0.2004s ]
SQL: SELECT COUNT(*) AS tp_count FROM `think_pet_intro` LIMIT 1   [ RunTime:0.3307s ]
INFO: [ view_parse ] --START--
INFO: [ template_filter ] --START--
INFO: Run Behavior\ContentReplaceBehavior [ RunTime:0.015017s ]
INFO: [ template_filter ] --END-- [ RunTime:0.015179s ]
INFO: Run Behavior\ParseTemplateBehavior [ RunTime:0.436214s ]
INFO: [ view_parse ] --END-- [ RunTime:0.436387s ]
INFO: [ view_filter ] --START--
INFO: Run Behavior\WriteHtmlCacheBehavior [ RunTime:0.013973s ]
INFO: [ view_filter ] --END-- [ RunTime:0.014127s ]
INFO: [ app_end ] --START--
INFO: Run Behavior\ShowPageTraceBehavior [ RunTime:0.001751s ]
INFO: [ app_end ] --END-- [ RunTime:0.001883s ]

[ 2016-03-02T10:22:41+08:00 ] 128.1.1.63 /index.php/
INFO: [ app_init ] --START--
INFO: Run Behavior\BuildLiteBehavior [ RunTime:0.000025s ]
INFO: [ app_init ] --END-- [ RunTime:0.000445s ]
INFO: [ app_begin ] --START--
INFO: Run Behavior\ReadHtmlCacheBehavior [ RunTime:0.000556s ]
INFO: [ app_begin ] --END-- [ RunTime:0.000646s ]
SQL: SHOW COLUMNS FROM `think_pet_intro` [ RunTime:0.0038s ]
SQL: SHOW COLUMNS FROM `think_pet_intro` [ RunTime:0.0033s ]
SQL: SHOW COLUMNS FROM `think_pet_type` [ RunTime:0.0035s ]
SQL: SHOW COLUMNS FROM `think_pet_type` [ RunTime:0.0035s ]
SQL: SELECT * FROM `think_pet_type` LIMIT 20   [ RunTime:0.0003s ]
SQL: SELECT COUNT(*) AS tp_count FROM `think_pet_intro` LIMIT 1   [ RunTime:0.0002s ]
SQL: SELECT * FROM `think_pet_intro` ORDER BY posttime desc LIMIT 0,24   [ RunTime:0.1640s ]
NOTIC: [8] Use of undefined constant PIC_URL - assumed 'PIC_URL' D:\wamp\www\young\Application\Common\Common\function.php 第 52 行.
NOTIC: [2] getimagesize(PIC_URL/images/20140702/070205.jpg): failed to open stream: No such file or directory D:\wamp\www\young\Application\Common\Common\function.php 第 52 行.
NOTIC: [8] Use of undefined constant PIC_URL - assumed 'PIC_URL' D:\wamp\www\young\Application\Common\Common\function.php 第 52 行.
NOTIC: [2] getimagesize(PIC_URL/images/20140702/070206.jpg): failed to open stream: No such file or directory D:\wamp\www\young\Application\Common\Common\function.php 第 52 行.
NOTIC: [8] Use of undefined constant PIC_URL - assumed 'PIC_URL' D:\wamp\www\young\Application\Common\Common\function.php 第 52 行.
NOTIC: [2] getimagesize(PIC_URL/images/20140702/070207.jpg): failed to open stream: No such file or directory D:\wamp\www\young\Application\Common\Common\function.php 第 52 行.
NOTIC: [8] Use of undefined constant PIC_URL - assumed 'PIC_URL' D:\wamp\www\young\Application\Common\Common\function.php 第 52 行.
NOTIC: [2] getimagesize(PIC_URL/images/20140702/070208.jpg): failed to open stream: No such file or directory D:\wamp\www\young\Application\Common\Common\function.php 第 52 行.
NOTIC: [8] Use of undefined constant PIC_URL - assumed 'PIC_URL' D:\wamp\www\young\Application\Common\Common\function.php 第 52 行.
NOTIC: [2] getimagesize(PIC_URL/images/20140702/070209.jpg): failed to open stream: No such file or directory D:\wamp\www\young\Application\Common\Common\function.php 第 52 行.
NOTIC: [8] Use of undefined constant PIC_URL - assumed 'PIC_URL' D:\wamp\www\young\Application\Common\Common\function.php 第 52 行.
NOTIC: [2] getimagesize(PIC_URL/images/20140702/070210.jpg): failed to open stream: No such file or directory D:\wamp\www\young\Application\Common\Common\function.php 第 52 行.
NOTIC: [8] Use of undefined constant PIC_URL - assumed 'PIC_URL' D:\wamp\www\young\Application\Common\Common\function.php 第 52 行.
NOTIC: [2] getimagesize(PIC_URL/images/20140702/070211.jpg): failed to open stream: No such file or directory D:\wamp\www\young\Application\Common\Common\function.php 第 52 行.
NOTIC: [8] Use of undefined constant PIC_URL - assumed 'PIC_URL' D:\wamp\www\young\Application\Common\Common\function.php 第 52 行.
NOTIC: [2] getimagesize(PIC_URL/images/20140702/070212.jpg): failed to open stream: No such file or directory D:\wamp\www\young\Application\Common\Common\function.php 第 52 行.
NOTIC: [8] Use of undefined constant PIC_URL - assumed 'PIC_URL' D:\wamp\www\young\Application\Common\Common\function.php 第 52 行.
NOTIC: [2] getimagesize(PIC_URL/images/20140702/070213.jpg): failed to open stream: No such file or directory D:\wamp\www\young\Application\Common\Common\function.php 第 52 行.
NOTIC: [8] Use of undefined constant PIC_URL - assumed 'PIC_URL' D:\wamp\www\young\Application\Common\Common\function.php 第 52 行.
NOTIC: [2] getimagesize(PIC_URL/images/20140702/070214.jpg): failed to open stream: No such file or directory D:\wamp\www\young\Application\Common\Common\function.php 第 52 行.
NOTIC: [8] Use of undefined constant PIC_URL - assumed 'PIC_URL' D:\wamp\www\young\Application\Common\Common\function.php 第 52 行.
NOTIC: [2] getimagesize(PIC_URL/images/20140702/070215.jpg): failed to open stream: No such file or directory D:\wamp\www\young\Application\Common\Common\function.php 第 52 行.
NOTIC: [8] Use of undefined constant PIC_URL - assumed 'PIC_URL' D:\wamp\www\young\Application\Common\Common\function.php 第 52 行.
NOTIC: [2] getimagesize(PIC_URL/images/20140702/070216.jpg): failed to open stream: No such file or directory D:\wamp\www\young\Application\Common\Common\function.php 第 52 行.
NOTIC: [8] Use of undefined constant PIC_URL - assumed 'PIC_URL' D:\wamp\www\young\Application\Common\Common\function.php 第 52 行.
NOTIC: [2] getimagesize(PIC_URL/images/20140702/070217.jpg): failed to open stream: No such file or directory D:\wamp\www\young\Application\Common\Common\function.php 第 52 行.
NOTIC: [8] Use of undefined constant PIC_URL - assumed 'PIC_URL' D:\wamp\www\young\Application\Common\Common\function.php 第 52 行.
NOTIC: [2] getimagesize(PIC_URL/images/20140702/070218.jpg): failed to open stream: No such file or directory D:\wamp\www\young\Application\Common\Common\function.php 第 52 行.
NOTIC: [8] Use of undefined constant PIC_URL - assumed 'PIC_URL' D:\wamp\www\young\Application\Common\Common\function.php 第 52 行.
NOTIC: [2] getimagesize(PIC_URL/images/20140702/070219.jpg): failed to open stream: No such file or directory D:\wamp\www\young\Application\Common\Common\function.php 第 52 行.
NOTIC: [8] Use of undefined constant PIC_URL - assumed 'PIC_URL' D:\wamp\www\young\Application\Common\Common\function.php 第 52 行.
NOTIC: [2] getimagesize(PIC_URL/images/20140702/070220.jpg): failed to open stream: No such file or directory D:\wamp\www\young\Application\Common\Common\function.php 第 52 行.
NOTIC: [8] Use of undefined constant PIC_URL - assumed 'PIC_URL' D:\wamp\www\young\Application\Common\Common\function.php 第 52 行.
NOTIC: [2] getimagesize(PIC_URL/images/20140702/070221.jpg): failed to open stream: No such file or directory D:\wamp\www\young\Application\Common\Common\function.php 第 52 行.
NOTIC: [8] Use of undefined constant PIC_URL - assumed 'PIC_URL' D:\wamp\www\young\Application\Common\Common\function.php 第 52 行.
NOTIC: [2] getimagesize(PIC_URL/images/20140702/070222.jpg): failed to open stream: No such file or directory D:\wamp\www\young\Application\Common\Common\function.php 第 52 行.
NOTIC: [8] Use of undefined constant PIC_URL - assumed 'PIC_URL' D:\wamp\www\young\Application\Common\Common\function.php 第 52 行.
NOTIC: [2] getimagesize(PIC_URL/images/20140702/070223.jpg): failed to open stream: No such file or directory D:\wamp\www\young\Application\Common\Common\function.php 第 52 行.
NOTIC: [8] Use of undefined constant PIC_URL - assumed 'PIC_URL' D:\wamp\www\young\Application\Common\Common\function.php 第 52 行.
NOTIC: [2] getimagesize(PIC_URL/images/20140702/070224.jpg): failed to open stream: No such file or directory D:\wamp\www\young\Application\Common\Common\function.php 第 52 行.
NOTIC: [8] Use of undefined constant PIC_URL - assumed 'PIC_URL' D:\wamp\www\young\Application\Common\Common\function.php 第 52 行.
NOTIC: [2] getimagesize(PIC_URL/images/20140702/070225.jpg): failed to open stream: No such file or directory D:\wamp\www\young\Application\Common\Common\function.php 第 52 行.
NOTIC: [8] Use of undefined constant PIC_URL - assumed 'PIC_URL' D:\wamp\www\young\Application\Common\Common\function.php 第 52 行.
NOTIC: [2] getimagesize(PIC_URL/images/20140702/070226.jpg): failed to open stream: No such file or directory D:\wamp\www\young\Application\Common\Common\function.php 第 52 行.
NOTIC: [8] Use of undefined constant PIC_URL - assumed 'PIC_URL' D:\wamp\www\young\Application\Common\Common\function.php 第 52 行.
NOTIC: [2] getimagesize(PIC_URL/images/20140702/070227.jpg): failed to open stream: No such file or directory D:\wamp\www\young\Application\Common\Common\function.php 第 52 行.
NOTIC: [8] Use of undefined constant PIC_URL - assumed 'PIC_URL' D:\wamp\www\young\Application\Common\Common\function.php 第 52 行.
NOTIC: [2] getimagesize(PIC_URL/images/20140702/070228.jpg): failed to open stream: No such file or directory D:\wamp\www\young\Application\Common\Common\function.php 第 52 行.

[ 2016-03-02T10:22:43+08:00 ] 128.1.1.63 /index.php/show
INFO: [ app_init ] --START--
INFO: Run Behavior\BuildLiteBehavior [ RunTime:0.000032s ]
INFO: [ app_init ] --END-- [ RunTime:0.000613s ]
INFO: [ app_begin ] --START--
INFO: Run Behavior\ReadHtmlCacheBehavior [ RunTime:0.000939s ]
INFO: [ app_begin ] --END-- [ RunTime:0.001075s ]
SQL: SHOW COLUMNS FROM `think_pet_show` [ RunTime:0.0374s ]
SQL: SHOW COLUMNS FROM `think_pet_show` [ RunTime:0.0050s ]
SQL: SHOW COLUMNS FROM `think_pet_type` [ RunTime:0.0042s ]
SQL: SHOW COLUMNS FROM `think_pet_type` [ RunTime:0.0045s ]
SQL: SELECT * FROM `think_pet_type` LIMIT 20   [ RunTime:0.0004s ]
SQL: SELECT COUNT(*) AS tp_count FROM `think_pet_show` LIMIT 1   [ RunTime:0.0002s ]
SQL: SELECT * FROM `think_pet_show` ORDER BY posttime desc  [ RunTime:0.0520s ]
INFO: [ view_parse ] --START--
INFO: [ template_filter ] --START--
INFO: Run Behavior\ContentReplaceBehavior [ RunTime:0.000101s ]
INFO: [ template_filter ] --END-- [ RunTime:0.000208s ]
INFO: Run Behavior\ParseTemplateBehavior [ RunTime:0.023463s ]
INFO: [ view_parse ] --END-- [ RunTime:0.023575s ]
INFO: [ view_filter ] --START--
INFO: Run Behavior\WriteHtmlCacheBehavior [ RunTime:0.000333s ]
INFO: [ view_filter ] --END-- [ RunTime:0.000421s ]
INFO: [ app_end ] --START--
INFO: Run Behavior\ShowPageTraceBehavior [ RunTime:0.000886s ]
INFO: [ app_end ] --END-- [ RunTime:0.001014s ]

[ 2016-03-02T10:22:43+08:00 ] 128.1.1.63 /index.php/show
INFO: [ app_init ] --START--
INFO: Run Behavior\BuildLiteBehavior [ RunTime:0.000026s ]
INFO: [ app_init ] --END-- [ RunTime:0.000446s ]
INFO: [ app_begin ] --START--
INFO: Run Behavior\ReadHtmlCacheBehavior [ RunTime:0.000566s ]
INFO: [ app_begin ] --END-- [ RunTime:0.000662s ]
SQL: SHOW COLUMNS FROM `think_pet_show` [ RunTime:0.0038s ]
SQL: SHOW COLUMNS FROM `think_pet_show` [ RunTime:0.0035s ]
SQL: SHOW COLUMNS FROM `think_pet_type` [ RunTime:0.0034s ]
SQL: SHOW COLUMNS FROM `think_pet_type` [ RunTime:0.0043s ]
SQL: SELECT * FROM `think_pet_type` LIMIT 20   [ RunTime:0.0003s ]
SQL: SELECT COUNT(*) AS tp_count FROM `think_pet_show` LIMIT 1   [ RunTime:0.0001s ]
SQL: SELECT * FROM `think_pet_show` ORDER BY posttime desc  [ RunTime:0.0316s ]
SQL: SELECT * FROM `think_pet_show` ORDER BY posttime desc LIMIT 0,24   [ RunTime:0.0018s ]
NOTIC: [8] Use of undefined constant PIC_URL - assumed 'PIC_URL' D:\wamp\www\young\Application\Common\Common\function.php 第 52 行.
NOTIC: [2] getimagesize(PIC_URL/images/20140929/141198944687988.jpg): failed to open stream: No such file or directory D:\wamp\www\young\Application\Common\Common\function.php 第 52 行.
NOTIC: [8] Use of undefined constant PIC_URL - assumed 'PIC_URL' D:\wamp\www\young\Application\Common\Common\function.php 第 52 行.
NOTIC: [2] getimagesize(PIC_URL/images/20140928/141189853343950.jpg): failed to open stream: No such file or directory D:\wamp\www\young\Application\Common\Common\function.php 第 52 行.
NOTIC: [8] Use of undefined constant PIC_URL - assumed 'PIC_URL' D:\wamp\www\young\Application\Common\Common\function.php 第 52 行.
NOTIC: [2] getimagesize(PIC_URL/images/20140928/141189836075918.jpg): failed to open stream: No such file or directory D:\wamp\www\young\Application\Common\Common\function.php 第 52 行.
NOTIC: [8] Use of undefined constant PIC_URL - assumed 'PIC_URL' D:\wamp\www\young\Application\Common\Common\function.php 第 52 行.
NOTIC: [2] getimagesize(PIC_URL/images/20140702/070205.jpg): failed to open stream: No such file or directory D:\wamp\www\young\Application\Common\Common\function.php 第 52 行.
NOTIC: [8] Use of undefined constant PIC_URL - assumed 'PIC_URL' D:\wamp\www\young\Application\Common\Common\function.php 第 52 行.
NOTIC: [2] getimagesize(PIC_URL/images/20140702/070206.jpg): failed to open stream: No such file or directory D:\wamp\www\young\Application\Common\Common\function.php 第 52 行.
NOTIC: [8] Use of undefined constant PIC_URL - assumed 'PIC_URL' D:\wamp\www\young\Application\Common\Common\function.php 第 52 行.
NOTIC: [2] getimagesize(PIC_URL/images/20140702/070207.jpg): failed to open stream: No such file or directory D:\wamp\www\young\Application\Common\Common\function.php 第 52 行.
NOTIC: [8] Use of undefined constant PIC_URL - assumed 'PIC_URL' D:\wamp\www\young\Application\Common\Common\function.php 第 52 行.
NOTIC: [2] getimagesize(PIC_URL/images/20140702/070208.jpg): failed to open stream: No such file or directory D:\wamp\www\young\Application\Common\Common\function.php 第 52 行.
NOTIC: [8] Use of undefined constant PIC_URL - assumed 'PIC_URL' D:\wamp\www\young\Application\Common\Common\function.php 第 52 行.
NOTIC: [2] getimagesize(PIC_URL/images/20140702/070209.jpg): failed to open stream: No such file or directory D:\wamp\www\young\Application\Common\Common\function.php 第 52 行.
NOTIC: [8] Use of undefined constant PIC_URL - assumed 'PIC_URL' D:\wamp\www\young\Application\Common\Common\function.php 第 52 行.
NOTIC: [2] getimagesize(PIC_URL/images/20140702/070210.jpg): failed to open stream: No such file or directory D:\wamp\www\young\Application\Common\Common\function.php 第 52 行.
NOTIC: [8] Use of undefined constant PIC_URL - assumed 'PIC_URL' D:\wamp\www\young\Application\Common\Common\function.php 第 52 行.
NOTIC: [2] getimagesize(PIC_URL/images/20140702/070211.jpg): failed to open stream: No such file or directory D:\wamp\www\young\Application\Common\Common\function.php 第 52 行.
NOTIC: [8] Use of undefined constant PIC_URL - assumed 'PIC_URL' D:\wamp\www\young\Application\Common\Common\function.php 第 52 行.
NOTIC: [2] getimagesize(PIC_URL/images/20140702/070212.jpg): failed to open stream: No such file or directory D:\wamp\www\young\Application\Common\Common\function.php 第 52 行.
NOTIC: [8] Use of undefined constant PIC_URL - assumed 'PIC_URL' D:\wamp\www\young\Application\Common\Common\function.php 第 52 行.
NOTIC: [2] getimagesize(PIC_URL/images/20140702/070213.jpg): failed to open stream: No such file or directory D:\wamp\www\young\Application\Common\Common\function.php 第 52 行.
NOTIC: [8] Use of undefined constant PIC_URL - assumed 'PIC_URL' D:\wamp\www\young\Application\Common\Common\function.php 第 52 行.
NOTIC: [2] getimagesize(PIC_URL/images/20140702/070214.jpg): failed to open stream: No such file or directory D:\wamp\www\young\Application\Common\Common\function.php 第 52 行.
NOTIC: [8] Use of undefined constant PIC_URL - assumed 'PIC_URL' D:\wamp\www\young\Application\Common\Common\function.php 第 52 行.
NOTIC: [2] getimagesize(PIC_URL/images/20140702/070215.jpg): failed to open stream: No such file or directory D:\wamp\www\young\Application\Common\Common\function.php 第 52 行.
NOTIC: [8] Use of undefined constant PIC_URL - assumed 'PIC_URL' D:\wamp\www\young\Application\Common\Common\function.php 第 52 行.
NOTIC: [2] getimagesize(PIC_URL/images/20140702/070216.jpg): failed to open stream: No such file or directory D:\wamp\www\young\Application\Common\Common\function.php 第 52 行.
NOTIC: [8] Use of undefined constant PIC_URL - assumed 'PIC_URL' D:\wamp\www\young\Application\Common\Common\function.php 第 52 行.
NOTIC: [2] getimagesize(PIC_URL/images/20140702/070217.jpg): failed to open stream: No such file or directory D:\wamp\www\young\Application\Common\Common\function.php 第 52 行.
NOTIC: [8] Use of undefined constant PIC_URL - assumed 'PIC_URL' D:\wamp\www\young\Application\Common\Common\function.php 第 52 行.
NOTIC: [2] getimagesize(PIC_URL/images/20140702/070218.jpg): failed to open stream: No such file or directory D:\wamp\www\young\Application\Common\Common\function.php 第 52 行.
NOTIC: [8] Use of undefined constant PIC_URL - assumed 'PIC_URL' D:\wamp\www\young\Application\Common\Common\function.php 第 52 行.
NOTIC: [2] getimagesize(PIC_URL/images/20140702/070219.jpg): failed to open stream: No such file or directory D:\wamp\www\young\Application\Common\Common\function.php 第 52 行.
NOTIC: [8] Use of undefined constant PIC_URL - assumed 'PIC_URL' D:\wamp\www\young\Application\Common\Common\function.php 第 52 行.
NOTIC: [2] getimagesize(PIC_URL/images/20140702/070220.jpg): failed to open stream: No such file or directory D:\wamp\www\young\Application\Common\Common\function.php 第 52 行.
NOTIC: [8] Use of undefined constant PIC_URL - assumed 'PIC_URL' D:\wamp\www\young\Application\Common\Common\function.php 第 52 行.
NOTIC: [2] getimagesize(PIC_URL/images/20140702/070221.jpg): failed to open stream: No such file or directory D:\wamp\www\young\Application\Common\Common\function.php 第 52 行.
NOTIC: [8] Use of undefined constant PIC_URL - assumed 'PIC_URL' D:\wamp\www\young\Application\Common\Common\function.php 第 52 行.
NOTIC: [2] getimagesize(PIC_URL/images/20140702/070222.jpg): failed to open stream: No such file or directory D:\wamp\www\young\Application\Common\Common\function.php 第 52 行.
NOTIC: [8] Use of undefined constant PIC_URL - assumed 'PIC_URL' D:\wamp\www\young\Application\Common\Common\function.php 第 52 行.
NOTIC: [2] getimagesize(PIC_URL/images/20140702/070223.jpg): failed to open stream: No such file or directory D:\wamp\www\young\Application\Common\Common\function.php 第 52 行.
NOTIC: [8] Use of undefined constant PIC_URL - assumed 'PIC_URL' D:\wamp\www\young\Application\Common\Common\function.php 第 52 行.
NOTIC: [2] getimagesize(PIC_URL/images/20140702/070224.jpg): failed to open stream: No such file or directory D:\wamp\www\young\Application\Common\Common\function.php 第 52 行.
NOTIC: [8] Use of undefined constant PIC_URL - assumed 'PIC_URL' D:\wamp\www\young\Application\Common\Common\function.php 第 52 行.
NOTIC: [2] getimagesize(PIC_URL/images/20140702/070225.jpg): failed to open stream: No such file or directory D:\wamp\www\young\Application\Common\Common\function.php 第 52 行.

[ 2016-03-02T10:22:45+08:00 ] 128.1.1.63 /index.php/saylove
INFO: [ app_init ] --START--
INFO: Run Behavior\BuildLiteBehavior [ RunTime:0.000033s ]
INFO: [ app_init ] --END-- [ RunTime:0.000692s ]
INFO: [ app_begin ] --START--
INFO: Run Behavior\ReadHtmlCacheBehavior [ RunTime:0.000945s ]
INFO: [ app_begin ] --END-- [ RunTime:0.001091s ]
SQL: SHOW COLUMNS FROM `think_pet_saylove` [ RunTime:0.0106s ]
SQL: SHOW COLUMNS FROM `think_pet_saylove` [ RunTime:0.0047s ]
SQL: SHOW COLUMNS FROM `think_user` [ RunTime:0.0335s ]
SQL: SHOW COLUMNS FROM `think_user` [ RunTime:0.0041s ]
SQL: SELECT COUNT(*) AS tp_count FROM `think_pet_saylove` LIMIT 1   [ RunTime:0.0003s ]
INFO: [ view_parse ] --START--
INFO: [ template_filter ] --START--
INFO: Run Behavior\ContentReplaceBehavior [ RunTime:0.000125s ]
INFO: [ template_filter ] --END-- [ RunTime:0.000264s ]
INFO: Run Behavior\ParseTemplateBehavior [ RunTime:0.040808s ]
INFO: [ view_parse ] --END-- [ RunTime:0.040984s ]
INFO: [ view_filter ] --START--
INFO: Run Behavior\WriteHtmlCacheBehavior [ RunTime:0.000634s ]
INFO: [ view_filter ] --END-- [ RunTime:0.000770s ]
INFO: [ app_end ] --START--
INFO: Run Behavior\ShowPageTraceBehavior [ RunTime:0.000854s ]
INFO: [ app_end ] --END-- [ RunTime:0.000986s ]

[ 2016-03-02T10:22:45+08:00 ] 128.1.1.63 /index.php/saylove
INFO: [ app_init ] --START--
INFO: Run Behavior\BuildLiteBehavior [ RunTime:0.000027s ]
INFO: [ app_init ] --END-- [ RunTime:0.000439s ]
INFO: [ app_begin ] --START--
INFO: Run Behavior\ReadHtmlCacheBehavior [ RunTime:0.000591s ]
INFO: [ app_begin ] --END-- [ RunTime:0.000696s ]
SQL: SHOW COLUMNS FROM `think_pet_saylove` [ RunTime:0.0036s ]
SQL: SHOW COLUMNS FROM `think_pet_saylove` [ RunTime:0.0038s ]
SQL: SHOW COLUMNS FROM `think_user` [ RunTime:0.0044s ]
SQL: SHOW COLUMNS FROM `think_user` [ RunTime:0.0041s ]
SQL: SELECT COUNT(*) AS tp_count FROM `think_pet_saylove` LIMIT 1   [ RunTime:0.0005s ]
SQL: SELECT * FROM `think_pet_saylove` ORDER BY posttime desc LIMIT 0,24   [ RunTime:0.0319s ]

[ 2016-03-02T10:23:21+08:00 ] 128.1.1.63 /index.php/fight
INFO: [ app_init ] --START--
INFO: Run Behavior\BuildLiteBehavior [ RunTime:0.000029s ]
INFO: [ app_init ] --END-- [ RunTime:0.000538s ]
INFO: [ app_begin ] --START--
INFO: Run Behavior\ReadHtmlCacheBehavior [ RunTime:0.000537s ]
INFO: [ app_begin ] --END-- [ RunTime:0.000642s ]
SQL: SHOW COLUMNS FROM `think_pet_saylove` [ RunTime:0.0035s ]
SQL: SHOW COLUMNS FROM `think_pet_saylove` [ RunTime:0.0033s ]
SQL: SHOW COLUMNS FROM `think_user` [ RunTime:0.0038s ]
SQL: SHOW COLUMNS FROM `think_user` [ RunTime:0.0031s ]
INFO: [ view_parse ] --START--
INFO: [ template_filter ] --START--
INFO: Run Behavior\ContentReplaceBehavior [ RunTime:0.000073s ]
INFO: [ template_filter ] --END-- [ RunTime:0.000188s ]
INFO: Run Behavior\ParseTemplateBehavior [ RunTime:0.035336s ]
INFO: [ view_parse ] --END-- [ RunTime:0.035473s ]
INFO: [ view_filter ] --START--
INFO: Run Behavior\WriteHtmlCacheBehavior [ RunTime:0.000264s ]
INFO: [ view_filter ] --END-- [ RunTime:0.000355s ]
INFO: [ app_end ] --START--
INFO: Run Behavior\ShowPageTraceBehavior [ RunTime:0.000565s ]
INFO: [ app_end ] --END-- [ RunTime:0.000656s ]

