[ 2016-02-29T09:16:11+08:00 ] 128.1.1.63 /
INFO: [ app_init ] --START--
INFO: Run Behavior\BuildLiteBehavior [ RunTime:0.000041s ]
INFO: [ app_init ] --END-- [ RunTime:0.000871s ]
INFO: [ app_begin ] --START--
INFO: Run Behavior\ReadHtmlCacheBehavior [ RunTime:0.001091s ]
INFO: [ app_begin ] --END-- [ RunTime:0.001272s ]
SQL: SHOW COLUMNS FROM `think_pet_intro` [ RunTime:0.0171s ]
SQL: SHOW COLUMNS FROM `think_pet_intro` [ RunTime:0.0050s ]
SQL: SHOW COLUMNS FROM `think_pet_type` [ RunTime:0.0088s ]
SQL: SHOW COLUMNS FROM `think_pet_type` [ RunTime:0.0030s ]
SQL: SELECT * FROM `think_pet_type` LIMIT 20   [ RunTime:0.0005s ]
SQL: SELECT COUNT(*) AS tp_count FROM `think_pet_intro` LIMIT 1   [ RunTime:0.0002s ]
INFO: [ view_parse ] --START--
INFO: [ template_filter ] --START--
INFO: Run Behavior\ContentReplaceBehavior [ RunTime:0.000134s ]
INFO: [ template_filter ] --END-- [ RunTime:0.000336s ]
INFO: Run Behavior\ParseTemplateBehavior [ RunTime:0.030261s ]
INFO: [ view_parse ] --END-- [ RunTime:0.030377s ]
INFO: [ view_filter ] --START--
INFO: Run Behavior\WriteHtmlCacheBehavior [ RunTime:0.000361s ]
INFO: [ view_filter ] --END-- [ RunTime:0.000457s ]
INFO: [ app_end ] --START--
INFO: Run Behavior\ShowPageTraceBehavior [ RunTime:0.000601s ]
INFO: [ app_end ] --END-- [ RunTime:0.000690s ]

[ 2016-02-29T09:16:12+08:00 ] 128.1.1.63 /index.php/
INFO: [ app_init ] --START--
INFO: Run Behavior\BuildLiteBehavior [ RunTime:0.000029s ]
INFO: [ app_init ] --END-- [ RunTime:0.000516s ]
INFO: [ app_begin ] --START--
INFO: Run Behavior\ReadHtmlCacheBehavior [ RunTime:0.000757s ]
INFO: [ app_begin ] --END-- [ RunTime:0.000856s ]
SQL: SHOW COLUMNS FROM `think_pet_intro` [ RunTime:0.0041s ]
SQL: SHOW COLUMNS FROM `think_pet_intro` [ RunTime:0.0036s ]
SQL: SHOW COLUMNS FROM `think_pet_type` [ RunTime:0.0036s ]
SQL: SHOW COLUMNS FROM `think_pet_type` [ RunTime:0.0041s ]
SQL: SELECT * FROM `think_pet_type` LIMIT 20   [ RunTime:0.0006s ]
SQL: SELECT COUNT(*) AS tp_count FROM `think_pet_intro` LIMIT 1   [ RunTime:0.0024s ]
SQL: SELECT * FROM `think_pet_intro` ORDER BY posttime desc LIMIT 0,24   [ RunTime:0.0023s ]
NOTIC: [8] Use of undefined constant PIC_URL - assumed 'PIC_URL' D:\wamp\www\young\Application\Common\Common\function.php 第 52 行.
NOTIC: [2] getimagesize(PIC_URL/images/20140702/070205.jpg): failed to open stream: No such file or directory D:\wamp\www\young\Application\Common\Common\function.php 第 52 行.
NOTIC: [8] Use of undefined constant PIC_URL - assumed 'PIC_URL' D:\wamp\www\young\Application\Common\Common\function.php 第 52 行.
NOTIC: [2] getimagesize(PIC_URL/images/20140702/070206.jpg): failed to open stream: No such file or directory D:\wamp\www\young\Application\Common\Common\function.php 第 52 行.
NOTIC: [8] Use of undefined constant PIC_URL - assumed 'PIC_URL' D:\wamp\www\young\Application\Common\Common\function.php 第 52 行.
NOTIC: [2] getimagesize(PIC_URL/images/20140702/070207.jpg): failed to open stream: No such file or directory D:\wamp\www\young\Application\Common\Common\function.php 第 52 行.
NOTIC: [8] Use of undefined constant PIC_URL - assumed 'PIC_URL' D:\wamp\www\young\Application\Common\Common\function.php 第 52 行.
NOTIC: [2] getimagesize(PIC_URL/images/20140702/070208.jpg): failed to open stream: No such file or directory D:\wamp\www\young\Application\Common\Common\function.php 第 52 行.
NOTIC: [8] Use of undefined constant PIC_URL - assumed 'PIC_URL' D:\wamp\www\young\Application\Common\Common\function.php 第 52 行.
NOTIC: [2] getimagesize(PIC_URL/images/20140702/070209.jpg): failed to open stream: No such file or directory D:\wamp\www\young\Application\Common\Common\function.php 第 52 行.
NOTIC: [8] Use of undefined constant PIC_URL - assumed 'PIC_URL' D:\wamp\www\young\Application\Common\Common\function.php 第 52 行.
NOTIC: [2] getimagesize(PIC_URL/images/20140702/070210.jpg): failed to open stream: No such file or directory D:\wamp\www\young\Application\Common\Common\function.php 第 52 行.
NOTIC: [8] Use of undefined constant PIC_URL - assumed 'PIC_URL' D:\wamp\www\young\Application\Common\Common\function.php 第 52 行.
NOTIC: [2] getimagesize(PIC_URL/images/20140702/070211.jpg): failed to open stream: No such file or directory D:\wamp\www\young\Application\Common\Common\function.php 第 52 行.
NOTIC: [8] Use of undefined constant PIC_URL - assumed 'PIC_URL' D:\wamp\www\young\Application\Common\Common\function.php 第 52 行.
NOTIC: [2] getimagesize(PIC_URL/images/20140702/070212.jpg): failed to open stream: No such file or directory D:\wamp\www\young\Application\Common\Common\function.php 第 52 行.
NOTIC: [8] Use of undefined constant PIC_URL - assumed 'PIC_URL' D:\wamp\www\young\Application\Common\Common\function.php 第 52 行.
NOTIC: [2] getimagesize(PIC_URL/images/20140702/070213.jpg): failed to open stream: No such file or directory D:\wamp\www\young\Application\Common\Common\function.php 第 52 行.
NOTIC: [8] Use of undefined constant PIC_URL - assumed 'PIC_URL' D:\wamp\www\young\Application\Common\Common\function.php 第 52 行.
NOTIC: [2] getimagesize(PIC_URL/images/20140702/070214.jpg): failed to open stream: No such file or directory D:\wamp\www\young\Application\Common\Common\function.php 第 52 行.
NOTIC: [8] Use of undefined constant PIC_URL - assumed 'PIC_URL' D:\wamp\www\young\Application\Common\Common\function.php 第 52 行.
NOTIC: [2] getimagesize(PIC_URL/images/20140702/070215.jpg): failed to open stream: No such file or directory D:\wamp\www\young\Application\Common\Common\function.php 第 52 行.
NOTIC: [8] Use of undefined constant PIC_URL - assumed 'PIC_URL' D:\wamp\www\young\Application\Common\Common\function.php 第 52 行.
NOTIC: [2] getimagesize(PIC_URL/images/20140702/070216.jpg): failed to open stream: No such file or directory D:\wamp\www\young\Application\Common\Common\function.php 第 52 行.
NOTIC: [8] Use of undefined constant PIC_URL - assumed 'PIC_URL' D:\wamp\www\young\Application\Common\Common\function.php 第 52 行.
NOTIC: [2] getimagesize(PIC_URL/images/20140702/070217.jpg): failed to open stream: No such file or directory D:\wamp\www\young\Application\Common\Common\function.php 第 52 行.
NOTIC: [8] Use of undefined constant PIC_URL - assumed 'PIC_URL' D:\wamp\www\young\Application\Common\Common\function.php 第 52 行.
NOTIC: [2] getimagesize(PIC_URL/images/20140702/070218.jpg): failed to open stream: No such file or directory D:\wamp\www\young\Application\Common\Common\function.php 第 52 行.
NOTIC: [8] Use of undefined constant PIC_URL - assumed 'PIC_URL' D:\wamp\www\young\Application\Common\Common\function.php 第 52 行.
NOTIC: [2] getimagesize(PIC_URL/images/20140702/070219.jpg): failed to open stream: No such file or directory D:\wamp\www\young\Application\Common\Common\function.php 第 52 行.
NOTIC: [8] Use of undefined constant PIC_URL - assumed 'PIC_URL' D:\wamp\www\young\Application\Common\Common\function.php 第 52 行.
NOTIC: [2] getimagesize(PIC_URL/images/20140702/070220.jpg): failed to open stream: No such file or directory D:\wamp\www\young\Application\Common\Common\function.php 第 52 行.
NOTIC: [8] Use of undefined constant PIC_URL - assumed 'PIC_URL' D:\wamp\www\young\Application\Common\Common\function.php 第 52 行.
NOTIC: [2] getimagesize(PIC_URL/images/20140702/070221.jpg): failed to open stream: No such file or directory D:\wamp\www\young\Application\Common\Common\function.php 第 52 行.
NOTIC: [8] Use of undefined constant PIC_URL - assumed 'PIC_URL' D:\wamp\www\young\Application\Common\Common\function.php 第 52 行.
NOTIC: [2] getimagesize(PIC_URL/images/20140702/070222.jpg): failed to open stream: No such file or directory D:\wamp\www\young\Application\Common\Common\function.php 第 52 行.
NOTIC: [8] Use of undefined constant PIC_URL - assumed 'PIC_URL' D:\wamp\www\young\Application\Common\Common\function.php 第 52 行.
NOTIC: [2] getimagesize(PIC_URL/images/20140702/070223.jpg): failed to open stream: No such file or directory D:\wamp\www\young\Application\Common\Common\function.php 第 52 行.
NOTIC: [8] Use of undefined constant PIC_URL - assumed 'PIC_URL' D:\wamp\www\young\Application\Common\Common\function.php 第 52 行.
NOTIC: [2] getimagesize(PIC_URL/images/20140702/070224.jpg): failed to open stream: No such file or directory D:\wamp\www\young\Application\Common\Common\function.php 第 52 行.
NOTIC: [8] Use of undefined constant PIC_URL - assumed 'PIC_URL' D:\wamp\www\young\Application\Common\Common\function.php 第 52 行.
NOTIC: [2] getimagesize(PIC_URL/images/20140702/070225.jpg): failed to open stream: No such file or directory D:\wamp\www\young\Application\Common\Common\function.php 第 52 行.
NOTIC: [8] Use of undefined constant PIC_URL - assumed 'PIC_URL' D:\wamp\www\young\Application\Common\Common\function.php 第 52 行.
NOTIC: [2] getimagesize(PIC_URL/images/20140702/070226.jpg): failed to open stream: No such file or directory D:\wamp\www\young\Application\Common\Common\function.php 第 52 行.
NOTIC: [8] Use of undefined constant PIC_URL - assumed 'PIC_URL' D:\wamp\www\young\Application\Common\Common\function.php 第 52 行.
NOTIC: [2] getimagesize(PIC_URL/images/20140702/070227.jpg): failed to open stream: No such file or directory D:\wamp\www\young\Application\Common\Common\function.php 第 52 行.
NOTIC: [8] Use of undefined constant PIC_URL - assumed 'PIC_URL' D:\wamp\www\young\Application\Common\Common\function.php 第 52 行.
NOTIC: [2] getimagesize(PIC_URL/images/20140702/070228.jpg): failed to open stream: No such file or directory D:\wamp\www\young\Application\Common\Common\function.php 第 52 行.

[ 2016-02-29T09:16:51+08:00 ] 128.1.1.63 /
INFO: [ app_init ] --START--
INFO: Run Behavior\BuildLiteBehavior [ RunTime:0.000034s ]
INFO: [ app_init ] --END-- [ RunTime:0.000561s ]
INFO: [ app_begin ] --START--
INFO: Run Behavior\ReadHtmlCacheBehavior [ RunTime:0.000804s ]
INFO: [ app_begin ] --END-- [ RunTime:0.000936s ]
SQL: SHOW COLUMNS FROM `think_pet_intro` [ RunTime:0.0036s ]
SQL: SHOW COLUMNS FROM `think_pet_intro` [ RunTime:0.0031s ]
SQL: SHOW COLUMNS FROM `think_pet_type` [ RunTime:0.0035s ]
SQL: SHOW COLUMNS FROM `think_pet_type` [ RunTime:0.0032s ]
SQL: SELECT * FROM `think_pet_type` LIMIT 20   [ RunTime:0.0003s ]
SQL: SELECT COUNT(*) AS tp_count FROM `think_pet_intro` LIMIT 1   [ RunTime:0.0001s ]
INFO: [ view_parse ] --START--
INFO: [ template_filter ] --START--
INFO: Run Behavior\ContentReplaceBehavior [ RunTime:0.000095s ]
INFO: [ template_filter ] --END-- [ RunTime:0.000209s ]
INFO: Run Behavior\ParseTemplateBehavior [ RunTime:0.011400s ]
INFO: [ view_parse ] --END-- [ RunTime:0.011499s ]
INFO: [ view_filter ] --START--
INFO: Run Behavior\WriteHtmlCacheBehavior [ RunTime:0.000386s ]
INFO: [ view_filter ] --END-- [ RunTime:0.000479s ]
INFO: [ app_end ] --START--
INFO: Run Behavior\ShowPageTraceBehavior [ RunTime:0.000808s ]
INFO: [ app_end ] --END-- [ RunTime:0.000920s ]

[ 2016-02-29T09:16:51+08:00 ] 128.1.1.63 /index.php/
INFO: [ app_init ] --START--
INFO: Run Behavior\BuildLiteBehavior [ RunTime:0.000024s ]
INFO: [ app_init ] --END-- [ RunTime:0.000504s ]
INFO: [ app_begin ] --START--
INFO: Run Behavior\ReadHtmlCacheBehavior [ RunTime:0.000682s ]
INFO: [ app_begin ] --END-- [ RunTime:0.000774s ]
SQL: SHOW COLUMNS FROM `think_pet_intro` [ RunTime:0.0040s ]
SQL: SHOW COLUMNS FROM `think_pet_intro` [ RunTime:0.0042s ]
SQL: SHOW COLUMNS FROM `think_pet_type` [ RunTime:0.0042s ]
SQL: SHOW COLUMNS FROM `think_pet_type` [ RunTime:0.0040s ]
SQL: SELECT * FROM `think_pet_type` LIMIT 20   [ RunTime:0.0005s ]
SQL: SELECT COUNT(*) AS tp_count FROM `think_pet_intro` LIMIT 1   [ RunTime:0.0003s ]
SQL: SELECT * FROM `think_pet_intro` ORDER BY posttime desc LIMIT 0,24   [ RunTime:0.0019s ]
NOTIC: [8] Use of undefined constant PIC_URL - assumed 'PIC_URL' D:\wamp\www\young\Application\Common\Common\function.php 第 52 行.
NOTIC: [2] getimagesize(PIC_URL/images/20140702/070205.jpg): failed to open stream: No such file or directory D:\wamp\www\young\Application\Common\Common\function.php 第 52 行.
NOTIC: [8] Use of undefined constant PIC_URL - assumed 'PIC_URL' D:\wamp\www\young\Application\Common\Common\function.php 第 52 行.
NOTIC: [2] getimagesize(PIC_URL/images/20140702/070206.jpg): failed to open stream: No such file or directory D:\wamp\www\young\Application\Common\Common\function.php 第 52 行.
NOTIC: [8] Use of undefined constant PIC_URL - assumed 'PIC_URL' D:\wamp\www\young\Application\Common\Common\function.php 第 52 行.
NOTIC: [2] getimagesize(PIC_URL/images/20140702/070207.jpg): failed to open stream: No such file or directory D:\wamp\www\young\Application\Common\Common\function.php 第 52 行.
NOTIC: [8] Use of undefined constant PIC_URL - assumed 'PIC_URL' D:\wamp\www\young\Application\Common\Common\function.php 第 52 行.
NOTIC: [2] getimagesize(PIC_URL/images/20140702/070208.jpg): failed to open stream: No such file or directory D:\wamp\www\young\Application\Common\Common\function.php 第 52 行.
NOTIC: [8] Use of undefined constant PIC_URL - assumed 'PIC_URL' D:\wamp\www\young\Application\Common\Common\function.php 第 52 行.
NOTIC: [2] getimagesize(PIC_URL/images/20140702/070209.jpg): failed to open stream: No such file or directory D:\wamp\www\young\Application\Common\Common\function.php 第 52 行.
NOTIC: [8] Use of undefined constant PIC_URL - assumed 'PIC_URL' D:\wamp\www\young\Application\Common\Common\function.php 第 52 行.
NOTIC: [2] getimagesize(PIC_URL/images/20140702/070210.jpg): failed to open stream: No such file or directory D:\wamp\www\young\Application\Common\Common\function.php 第 52 行.
NOTIC: [8] Use of undefined constant PIC_URL - assumed 'PIC_URL' D:\wamp\www\young\Application\Common\Common\function.php 第 52 行.
NOTIC: [2] getimagesize(PIC_URL/images/20140702/070211.jpg): failed to open stream: No such file or directory D:\wamp\www\young\Application\Common\Common\function.php 第 52 行.
NOTIC: [8] Use of undefined constant PIC_URL - assumed 'PIC_URL' D:\wamp\www\young\Application\Common\Common\function.php 第 52 行.
NOTIC: [2] getimagesize(PIC_URL/images/20140702/070212.jpg): failed to open stream: No such file or directory D:\wamp\www\young\Application\Common\Common\function.php 第 52 行.
NOTIC: [8] Use of undefined constant PIC_URL - assumed 'PIC_URL' D:\wamp\www\young\Application\Common\Common\function.php 第 52 行.
NOTIC: [2] getimagesize(PIC_URL/images/20140702/070213.jpg): failed to open stream: No such file or directory D:\wamp\www\young\Application\Common\Common\function.php 第 52 行.
NOTIC: [8] Use of undefined constant PIC_URL - assumed 'PIC_URL' D:\wamp\www\young\Application\Common\Common\function.php 第 52 行.
NOTIC: [2] getimagesize(PIC_URL/images/20140702/070214.jpg): failed to open stream: No such file or directory D:\wamp\www\young\Application\Common\Common\function.php 第 52 行.
NOTIC: [8] Use of undefined constant PIC_URL - assumed 'PIC_URL' D:\wamp\www\young\Application\Common\Common\function.php 第 52 行.
NOTIC: [2] getimagesize(PIC_URL/images/20140702/070215.jpg): failed to open stream: No such file or directory D:\wamp\www\young\Application\Common\Common\function.php 第 52 行.
NOTIC: [8] Use of undefined constant PIC_URL - assumed 'PIC_URL' D:\wamp\www\young\Application\Common\Common\function.php 第 52 行.
NOTIC: [2] getimagesize(PIC_URL/images/20140702/070216.jpg): failed to open stream: No such file or directory D:\wamp\www\young\Application\Common\Common\function.php 第 52 行.
NOTIC: [8] Use of undefined constant PIC_URL - assumed 'PIC_URL' D:\wamp\www\young\Application\Common\Common\function.php 第 52 行.
NOTIC: [2] getimagesize(PIC_URL/images/20140702/070217.jpg): failed to open stream: No such file or directory D:\wamp\www\young\Application\Common\Common\function.php 第 52 行.
NOTIC: [8] Use of undefined constant PIC_URL - assumed 'PIC_URL' D:\wamp\www\young\Application\Common\Common\function.php 第 52 行.
NOTIC: [2] getimagesize(PIC_URL/images/20140702/070218.jpg): failed to open stream: No such file or directory D:\wamp\www\young\Application\Common\Common\function.php 第 52 行.
NOTIC: [8] Use of undefined constant PIC_URL - assumed 'PIC_URL' D:\wamp\www\young\Application\Common\Common\function.php 第 52 行.
NOTIC: [2] getimagesize(PIC_URL/images/20140702/070219.jpg): failed to open stream: No such file or directory D:\wamp\www\young\Application\Common\Common\function.php 第 52 行.
NOTIC: [8] Use of undefined constant PIC_URL - assumed 'PIC_URL' D:\wamp\www\young\Application\Common\Common\function.php 第 52 行.
NOTIC: [2] getimagesize(PIC_URL/images/20140702/070220.jpg): failed to open stream: No such file or directory D:\wamp\www\young\Application\Common\Common\function.php 第 52 行.
NOTIC: [8] Use of undefined constant PIC_URL - assumed 'PIC_URL' D:\wamp\www\young\Application\Common\Common\function.php 第 52 行.
NOTIC: [2] getimagesize(PIC_URL/images/20140702/070221.jpg): failed to open stream: No such file or directory D:\wamp\www\young\Application\Common\Common\function.php 第 52 行.
NOTIC: [8] Use of undefined constant PIC_URL - assumed 'PIC_URL' D:\wamp\www\young\Application\Common\Common\function.php 第 52 行.
NOTIC: [2] getimagesize(PIC_URL/images/20140702/070222.jpg): failed to open stream: No such file or directory D:\wamp\www\young\Application\Common\Common\function.php 第 52 行.
NOTIC: [8] Use of undefined constant PIC_URL - assumed 'PIC_URL' D:\wamp\www\young\Application\Common\Common\function.php 第 52 行.
NOTIC: [2] getimagesize(PIC_URL/images/20140702/070223.jpg): failed to open stream: No such file or directory D:\wamp\www\young\Application\Common\Common\function.php 第 52 行.
NOTIC: [8] Use of undefined constant PIC_URL - assumed 'PIC_URL' D:\wamp\www\young\Application\Common\Common\function.php 第 52 行.
NOTIC: [2] getimagesize(PIC_URL/images/20140702/070224.jpg): failed to open stream: No such file or directory D:\wamp\www\young\Application\Common\Common\function.php 第 52 行.
NOTIC: [8] Use of undefined constant PIC_URL - assumed 'PIC_URL' D:\wamp\www\young\Application\Common\Common\function.php 第 52 行.
NOTIC: [2] getimagesize(PIC_URL/images/20140702/070225.jpg): failed to open stream: No such file or directory D:\wamp\www\young\Application\Common\Common\function.php 第 52 行.
NOTIC: [8] Use of undefined constant PIC_URL - assumed 'PIC_URL' D:\wamp\www\young\Application\Common\Common\function.php 第 52 行.
NOTIC: [2] getimagesize(PIC_URL/images/20140702/070226.jpg): failed to open stream: No such file or directory D:\wamp\www\young\Application\Common\Common\function.php 第 52 行.
NOTIC: [8] Use of undefined constant PIC_URL - assumed 'PIC_URL' D:\wamp\www\young\Application\Common\Common\function.php 第 52 行.
NOTIC: [2] getimagesize(PIC_URL/images/20140702/070227.jpg): failed to open stream: No such file or directory D:\wamp\www\young\Application\Common\Common\function.php 第 52 行.
NOTIC: [8] Use of undefined constant PIC_URL - assumed 'PIC_URL' D:\wamp\www\young\Application\Common\Common\function.php 第 52 行.
NOTIC: [2] getimagesize(PIC_URL/images/20140702/070228.jpg): failed to open stream: No such file or directory D:\wamp\www\young\Application\Common\Common\function.php 第 52 行.

[ 2016-02-29T15:22:50+08:00 ] 128.1.1.63 /index.php
INFO: [ app_init ] --START--
INFO: Run Behavior\BuildLiteBehavior [ RunTime:0.000032s ]
INFO: [ app_init ] --END-- [ RunTime:0.000563s ]
INFO: [ app_begin ] --START--
INFO: Run Behavior\ReadHtmlCacheBehavior [ RunTime:0.000755s ]
INFO: [ app_begin ] --END-- [ RunTime:0.000900s ]
SQL: SHOW COLUMNS FROM `think_pet_intro` [ RunTime:0.0392s ]
SQL: SHOW COLUMNS FROM `think_pet_intro` [ RunTime:0.0035s ]
SQL: SHOW COLUMNS FROM `think_pet_type` [ RunTime:0.0153s ]
SQL: SHOW COLUMNS FROM `think_pet_type` [ RunTime:0.0034s ]
SQL: SELECT * FROM `think_pet_type` LIMIT 20   [ RunTime:0.0446s ]
SQL: SELECT COUNT(*) AS tp_count FROM `think_pet_intro` LIMIT 1   [ RunTime:0.0360s ]
INFO: [ view_parse ] --START--
INFO: [ template_filter ] --START--
INFO: Run Behavior\ContentReplaceBehavior [ RunTime:0.000140s ]
INFO: [ template_filter ] --END-- [ RunTime:0.000300s ]
INFO: Run Behavior\ParseTemplateBehavior [ RunTime:0.345975s ]
INFO: [ view_parse ] --END-- [ RunTime:0.346121s ]
INFO: [ view_filter ] --START--
INFO: Run Behavior\WriteHtmlCacheBehavior [ RunTime:0.000600s ]
INFO: [ view_filter ] --END-- [ RunTime:0.000742s ]
INFO: [ app_end ] --START--
INFO: Run Behavior\ShowPageTraceBehavior [ RunTime:0.000865s ]
INFO: [ app_end ] --END-- [ RunTime:0.000996s ]

[ 2016-02-29T15:22:53+08:00 ] 128.1.1.63 /index.php/
INFO: [ app_init ] --START--
INFO: Run Behavior\BuildLiteBehavior [ RunTime:0.000029s ]
INFO: [ app_init ] --END-- [ RunTime:0.000439s ]
INFO: [ app_begin ] --START--
INFO: Run Behavior\ReadHtmlCacheBehavior [ RunTime:0.000504s ]
INFO: [ app_begin ] --END-- [ RunTime:0.000588s ]
SQL: SHOW COLUMNS FROM `think_pet_intro` [ RunTime:0.0041s ]
SQL: SHOW COLUMNS FROM `think_pet_intro` [ RunTime:0.0043s ]
SQL: SHOW COLUMNS FROM `think_pet_type` [ RunTime:0.1585s ]
SQL: SHOW COLUMNS FROM `think_pet_type` [ RunTime:0.0041s ]
SQL: SELECT * FROM `think_pet_type` LIMIT 20   [ RunTime:0.0004s ]
SQL: SELECT COUNT(*) AS tp_count FROM `think_pet_intro` LIMIT 1   [ RunTime:0.0003s ]
SQL: SELECT * FROM `think_pet_intro` ORDER BY posttime desc LIMIT 0,24   [ RunTime:0.1391s ]
NOTIC: [8] Use of undefined constant PIC_URL - assumed 'PIC_URL' D:\wamp\www\young\Application\Common\Common\function.php 第 52 行.
NOTIC: [2] getimagesize(PIC_URL/images/20140702/070205.jpg): failed to open stream: No such file or directory D:\wamp\www\young\Application\Common\Common\function.php 第 52 行.
NOTIC: [8] Use of undefined constant PIC_URL - assumed 'PIC_URL' D:\wamp\www\young\Application\Common\Common\function.php 第 52 行.
NOTIC: [2] getimagesize(PIC_URL/images/20140702/070206.jpg): failed to open stream: No such file or directory D:\wamp\www\young\Application\Common\Common\function.php 第 52 行.
NOTIC: [8] Use of undefined constant PIC_URL - assumed 'PIC_URL' D:\wamp\www\young\Application\Common\Common\function.php 第 52 行.
NOTIC: [2] getimagesize(PIC_URL/images/20140702/070207.jpg): failed to open stream: No such file or directory D:\wamp\www\young\Application\Common\Common\function.php 第 52 行.
NOTIC: [8] Use of undefined constant PIC_URL - assumed 'PIC_URL' D:\wamp\www\young\Application\Common\Common\function.php 第 52 行.
NOTIC: [2] getimagesize(PIC_URL/images/20140702/070208.jpg): failed to open stream: No such file or directory D:\wamp\www\young\Application\Common\Common\function.php 第 52 行.
NOTIC: [8] Use of undefined constant PIC_URL - assumed 'PIC_URL' D:\wamp\www\young\Application\Common\Common\function.php 第 52 行.
NOTIC: [2] getimagesize(PIC_URL/images/20140702/070209.jpg): failed to open stream: No such file or directory D:\wamp\www\young\Application\Common\Common\function.php 第 52 行.
NOTIC: [8] Use of undefined constant PIC_URL - assumed 'PIC_URL' D:\wamp\www\young\Application\Common\Common\function.php 第 52 行.
NOTIC: [2] getimagesize(PIC_URL/images/20140702/070210.jpg): failed to open stream: No such file or directory D:\wamp\www\young\Application\Common\Common\function.php 第 52 行.
NOTIC: [8] Use of undefined constant PIC_URL - assumed 'PIC_URL' D:\wamp\www\young\Application\Common\Common\function.php 第 52 行.
NOTIC: [2] getimagesize(PIC_URL/images/20140702/070211.jpg): failed to open stream: No such file or directory D:\wamp\www\young\Application\Common\Common\function.php 第 52 行.
NOTIC: [8] Use of undefined constant PIC_URL - assumed 'PIC_URL' D:\wamp\www\young\Application\Common\Common\function.php 第 52 行.
NOTIC: [2] getimagesize(PIC_URL/images/20140702/070212.jpg): failed to open stream: No such file or directory D:\wamp\www\young\Application\Common\Common\function.php 第 52 行.
NOTIC: [8] Use of undefined constant PIC_URL - assumed 'PIC_URL' D:\wamp\www\young\Application\Common\Common\function.php 第 52 行.
NOTIC: [2] getimagesize(PIC_URL/images/20140702/070213.jpg): failed to open stream: No such file or directory D:\wamp\www\young\Application\Common\Common\function.php 第 52 行.
NOTIC: [8] Use of undefined constant PIC_URL - assumed 'PIC_URL' D:\wamp\www\young\Application\Common\Common\function.php 第 52 行.
NOTIC: [2] getimagesize(PIC_URL/images/20140702/070214.jpg): failed to open stream: No such file or directory D:\wamp\www\young\Application\Common\Common\function.php 第 52 行.
NOTIC: [8] Use of undefined constant PIC_URL - assumed 'PIC_URL' D:\wamp\www\young\Application\Common\Common\function.php 第 52 行.
NOTIC: [2] getimagesize(PIC_URL/images/20140702/070215.jpg): failed to open stream: No such file or directory D:\wamp\www\young\Application\Common\Common\function.php 第 52 行.
NOTIC: [8] Use of undefined constant PIC_URL - assumed 'PIC_URL' D:\wamp\www\young\Application\Common\Common\function.php 第 52 行.
NOTIC: [2] getimagesize(PIC_URL/images/20140702/070216.jpg): failed to open stream: No such file or directory D:\wamp\www\young\Application\Common\Common\function.php 第 52 行.
NOTIC: [8] Use of undefined constant PIC_URL - assumed 'PIC_URL' D:\wamp\www\young\Application\Common\Common\function.php 第 52 行.
NOTIC: [2] getimagesize(PIC_URL/images/20140702/070217.jpg): failed to open stream: No such file or directory D:\wamp\www\young\Application\Common\Common\function.php 第 52 行.
NOTIC: [8] Use of undefined constant PIC_URL - assumed 'PIC_URL' D:\wamp\www\young\Application\Common\Common\function.php 第 52 行.
NOTIC: [2] getimagesize(PIC_URL/images/20140702/070218.jpg): failed to open stream: No such file or directory D:\wamp\www\young\Application\Common\Common\function.php 第 52 行.
NOTIC: [8] Use of undefined constant PIC_URL - assumed 'PIC_URL' D:\wamp\www\young\Application\Common\Common\function.php 第 52 行.
NOTIC: [2] getimagesize(PIC_URL/images/20140702/070219.jpg): failed to open stream: No such file or directory D:\wamp\www\young\Application\Common\Common\function.php 第 52 行.
NOTIC: [8] Use of undefined constant PIC_URL - assumed 'PIC_URL' D:\wamp\www\young\Application\Common\Common\function.php 第 52 行.
NOTIC: [2] getimagesize(PIC_URL/images/20140702/070220.jpg): failed to open stream: No such file or directory D:\wamp\www\young\Application\Common\Common\function.php 第 52 行.
NOTIC: [8] Use of undefined constant PIC_URL - assumed 'PIC_URL' D:\wamp\www\young\Application\Common\Common\function.php 第 52 行.
NOTIC: [2] getimagesize(PIC_URL/images/20140702/070221.jpg): failed to open stream: No such file or directory D:\wamp\www\young\Application\Common\Common\function.php 第 52 行.
NOTIC: [8] Use of undefined constant PIC_URL - assumed 'PIC_URL' D:\wamp\www\young\Application\Common\Common\function.php 第 52 行.
NOTIC: [2] getimagesize(PIC_URL/images/20140702/070222.jpg): failed to open stream: No such file or directory D:\wamp\www\young\Application\Common\Common\function.php 第 52 行.
NOTIC: [8] Use of undefined constant PIC_URL - assumed 'PIC_URL' D:\wamp\www\young\Application\Common\Common\function.php 第 52 行.
NOTIC: [2] getimagesize(PIC_URL/images/20140702/070223.jpg): failed to open stream: No such file or directory D:\wamp\www\young\Application\Common\Common\function.php 第 52 行.
NOTIC: [8] Use of undefined constant PIC_URL - assumed 'PIC_URL' D:\wamp\www\young\Application\Common\Common\function.php 第 52 行.
NOTIC: [2] getimagesize(PIC_URL/images/20140702/070224.jpg): failed to open stream: No such file or directory D:\wamp\www\young\Application\Common\Common\function.php 第 52 行.
NOTIC: [8] Use of undefined constant PIC_URL - assumed 'PIC_URL' D:\wamp\www\young\Application\Common\Common\function.php 第 52 行.
NOTIC: [2] getimagesize(PIC_URL/images/20140702/070225.jpg): failed to open stream: No such file or directory D:\wamp\www\young\Application\Common\Common\function.php 第 52 行.
NOTIC: [8] Use of undefined constant PIC_URL - assumed 'PIC_URL' D:\wamp\www\young\Application\Common\Common\function.php 第 52 行.
NOTIC: [2] getimagesize(PIC_URL/images/20140702/070226.jpg): failed to open stream: No such file or directory D:\wamp\www\young\Application\Common\Common\function.php 第 52 行.
NOTIC: [8] Use of undefined constant PIC_URL - assumed 'PIC_URL' D:\wamp\www\young\Application\Common\Common\function.php 第 52 行.
NOTIC: [2] getimagesize(PIC_URL/images/20140702/070227.jpg): failed to open stream: No such file or directory D:\wamp\www\young\Application\Common\Common\function.php 第 52 行.
NOTIC: [8] Use of undefined constant PIC_URL - assumed 'PIC_URL' D:\wamp\www\young\Application\Common\Common\function.php 第 52 行.
NOTIC: [2] getimagesize(PIC_URL/images/20140702/070228.jpg): failed to open stream: No such file or directory D:\wamp\www\young\Application\Common\Common\function.php 第 52 行.

[ 2016-02-29T15:22:55+08:00 ] 128.1.1.63 /index.php/
INFO: [ app_init ] --START--
INFO: Run Behavior\BuildLiteBehavior [ RunTime:0.000030s ]
INFO: [ app_init ] --END-- [ RunTime:0.000458s ]
INFO: [ app_begin ] --START--
INFO: Run Behavior\ReadHtmlCacheBehavior [ RunTime:0.000671s ]
INFO: [ app_begin ] --END-- [ RunTime:0.000780s ]
SQL: SHOW COLUMNS FROM `think_pet_intro` [ RunTime:0.0036s ]
SQL: SHOW COLUMNS FROM `think_pet_intro` [ RunTime:0.0037s ]
SQL: SHOW COLUMNS FROM `think_pet_type` [ RunTime:0.0035s ]
SQL: SHOW COLUMNS FROM `think_pet_type` [ RunTime:0.0032s ]
SQL: SELECT * FROM `think_pet_type` LIMIT 20   [ RunTime:0.0003s ]
SQL: SELECT COUNT(*) AS tp_count FROM `think_pet_intro` LIMIT 1   [ RunTime:0.0001s ]
SQL: SELECT * FROM `think_pet_intro` ORDER BY posttime desc LIMIT 24,24   [ RunTime:0.0178s ]
NOTIC: [8] Use of undefined constant PIC_URL - assumed 'PIC_URL' D:\wamp\www\young\Application\Common\Common\function.php 第 52 行.
NOTIC: [2] getimagesize(PIC_URL/images/20140702/070229.jpg): failed to open stream: No such file or directory D:\wamp\www\young\Application\Common\Common\function.php 第 52 行.
NOTIC: [8] Use of undefined constant PIC_URL - assumed 'PIC_URL' D:\wamp\www\young\Application\Common\Common\function.php 第 52 行.
NOTIC: [2] getimagesize(PIC_URL/images/20140702/070230.jpg): failed to open stream: No such file or directory D:\wamp\www\young\Application\Common\Common\function.php 第 52 行.
NOTIC: [8] Use of undefined constant PIC_URL - assumed 'PIC_URL' D:\wamp\www\young\Application\Common\Common\function.php 第 52 行.
NOTIC: [2] getimagesize(PIC_URL/images/20140701/070101.jpg): failed to open stream: No such file or directory D:\wamp\www\young\Application\Common\Common\function.php 第 52 行.
NOTIC: [8] Use of undefined constant PIC_URL - assumed 'PIC_URL' D:\wamp\www\young\Application\Common\Common\function.php 第 52 行.
NOTIC: [2] getimagesize(PIC_URL/images/20140701/070102.jpg): failed to open stream: No such file or directory D:\wamp\www\young\Application\Common\Common\function.php 第 52 行.
NOTIC: [8] Use of undefined constant PIC_URL - assumed 'PIC_URL' D:\wamp\www\young\Application\Common\Common\function.php 第 52 行.
NOTIC: [2] getimagesize(PIC_URL/images/20140701/070103.jpg): failed to open stream: No such file or directory D:\wamp\www\young\Application\Common\Common\function.php 第 52 行.
NOTIC: [8] Use of undefined constant PIC_URL - assumed 'PIC_URL' D:\wamp\www\young\Application\Common\Common\function.php 第 52 行.
NOTIC: [2] getimagesize(PIC_URL/images/20140701/070104.jpg): failed to open stream: No such file or directory D:\wamp\www\young\Application\Common\Common\function.php 第 52 行.
NOTIC: [8] Use of undefined constant PIC_URL - assumed 'PIC_URL' D:\wamp\www\young\Application\Common\Common\function.php 第 52 行.
NOTIC: [2] getimagesize(PIC_URL/images/20140701/070105.jpg): failed to open stream: No such file or directory D:\wamp\www\young\Application\Common\Common\function.php 第 52 行.
NOTIC: [8] Use of undefined constant PIC_URL - assumed 'PIC_URL' D:\wamp\www\young\Application\Common\Common\function.php 第 52 行.
NOTIC: [2] getimagesize(PIC_URL/images/20140701/070106.jpg): failed to open stream: No such file or directory D:\wamp\www\young\Application\Common\Common\function.php 第 52 行.
NOTIC: [8] Use of undefined constant PIC_URL - assumed 'PIC_URL' D:\wamp\www\young\Application\Common\Common\function.php 第 52 行.
NOTIC: [2] getimagesize(PIC_URL/images/20140701/070107.jpg): failed to open stream: No such file or directory D:\wamp\www\young\Application\Common\Common\function.php 第 52 行.
NOTIC: [8] Use of undefined constant PIC_URL - assumed 'PIC_URL' D:\wamp\www\young\Application\Common\Common\function.php 第 52 行.
NOTIC: [2] getimagesize(PIC_URL/images/20140701/070108.jpg): failed to open stream: No such file or directory D:\wamp\www\young\Application\Common\Common\function.php 第 52 行.
NOTIC: [8] Use of undefined constant PIC_URL - assumed 'PIC_URL' D:\wamp\www\young\Application\Common\Common\function.php 第 52 行.
NOTIC: [2] getimagesize(PIC_URL/images/20140701/070109.jpg): failed to open stream: No such file or directory D:\wamp\www\young\Application\Common\Common\function.php 第 52 行.
NOTIC: [8] Use of undefined constant PIC_URL - assumed 'PIC_URL' D:\wamp\www\young\Application\Common\Common\function.php 第 52 行.
NOTIC: [2] getimagesize(PIC_URL/images/20140701/070110.jpg): failed to open stream: No such file or directory D:\wamp\www\young\Application\Common\Common\function.php 第 52 行.
NOTIC: [8] Use of undefined constant PIC_URL - assumed 'PIC_URL' D:\wamp\www\young\Application\Common\Common\function.php 第 52 行.
NOTIC: [2] getimagesize(PIC_URL/images/20140701/070111.jpg): failed to open stream: No such file or directory D:\wamp\www\young\Application\Common\Common\function.php 第 52 行.
NOTIC: [8] Use of undefined constant PIC_URL - assumed 'PIC_URL' D:\wamp\www\young\Application\Common\Common\function.php 第 52 行.
NOTIC: [2] getimagesize(PIC_URL/images/20140701/070112.jpg): failed to open stream: No such file or directory D:\wamp\www\young\Application\Common\Common\function.php 第 52 行.
NOTIC: [8] Use of undefined constant PIC_URL - assumed 'PIC_URL' D:\wamp\www\young\Application\Common\Common\function.php 第 52 行.
NOTIC: [2] getimagesize(PIC_URL/images/20140701/070113.jpg): failed to open stream: No such file or directory D:\wamp\www\young\Application\Common\Common\function.php 第 52 行.
NOTIC: [8] Use of undefined constant PIC_URL - assumed 'PIC_URL' D:\wamp\www\young\Application\Common\Common\function.php 第 52 行.
NOTIC: [2] getimagesize(PIC_URL/images/20140701/070114.jpg): failed to open stream: No such file or directory D:\wamp\www\young\Application\Common\Common\function.php 第 52 行.
NOTIC: [8] Use of undefined constant PIC_URL - assumed 'PIC_URL' D:\wamp\www\young\Application\Common\Common\function.php 第 52 行.
NOTIC: [2] getimagesize(PIC_URL/images/20140701/070115.jpg): failed to open stream: No such file or directory D:\wamp\www\young\Application\Common\Common\function.php 第 52 行.
NOTIC: [8] Use of undefined constant PIC_URL - assumed 'PIC_URL' D:\wamp\www\young\Application\Common\Common\function.php 第 52 行.
NOTIC: [2] getimagesize(PIC_URL/images/20140701/070116.jpg): failed to open stream: No such file or directory D:\wamp\www\young\Application\Common\Common\function.php 第 52 行.
NOTIC: [8] Use of undefined constant PIC_URL - assumed 'PIC_URL' D:\wamp\www\young\Application\Common\Common\function.php 第 52 行.
NOTIC: [2] getimagesize(PIC_URL/images/20140701/070117.jpg): failed to open stream: No such file or directory D:\wamp\www\young\Application\Common\Common\function.php 第 52 行.
NOTIC: [8] Use of undefined constant PIC_URL - assumed 'PIC_URL' D:\wamp\www\young\Application\Common\Common\function.php 第 52 行.
NOTIC: [2] getimagesize(PIC_URL/images/20140701/070118.jpg): failed to open stream: No such file or directory D:\wamp\www\young\Application\Common\Common\function.php 第 52 行.
NOTIC: [8] Use of undefined constant PIC_URL - assumed 'PIC_URL' D:\wamp\www\young\Application\Common\Common\function.php 第 52 行.
NOTIC: [2] getimagesize(PIC_URL/images/20140701/070119.jpg): failed to open stream: No such file or directory D:\wamp\www\young\Application\Common\Common\function.php 第 52 行.
NOTIC: [8] Use of undefined constant PIC_URL - assumed 'PIC_URL' D:\wamp\www\young\Application\Common\Common\function.php 第 52 行.
NOTIC: [2] getimagesize(PIC_URL/images/20140701/070120.jpg): failed to open stream: No such file or directory D:\wamp\www\young\Application\Common\Common\function.php 第 52 行.
NOTIC: [8] Use of undefined constant PIC_URL - assumed 'PIC_URL' D:\wamp\www\young\Application\Common\Common\function.php 第 52 行.
NOTIC: [2] getimagesize(PIC_URL/images/20140701/070121.jpg): failed to open stream: No such file or directory D:\wamp\www\young\Application\Common\Common\function.php 第 52 行.
NOTIC: [8] Use of undefined constant PIC_URL - assumed 'PIC_URL' D:\wamp\www\young\Application\Common\Common\function.php 第 52 行.
NOTIC: [2] getimagesize(PIC_URL/images/20140701/070122.jpg): failed to open stream: No such file or directory D:\wamp\www\young\Application\Common\Common\function.php 第 52 行.

[ 2016-02-29T15:22:55+08:00 ] 128.1.1.63 /index.php/
INFO: [ app_init ] --START--
INFO: Run Behavior\BuildLiteBehavior [ RunTime:0.000028s ]
INFO: [ app_init ] --END-- [ RunTime:0.000518s ]
INFO: [ app_begin ] --START--
INFO: Run Behavior\ReadHtmlCacheBehavior [ RunTime:0.000533s ]
INFO: [ app_begin ] --END-- [ RunTime:0.000628s ]
SQL: SHOW COLUMNS FROM `think_pet_intro` [ RunTime:0.0038s ]
SQL: SHOW COLUMNS FROM `think_pet_intro` [ RunTime:0.0037s ]
SQL: SHOW COLUMNS FROM `think_pet_type` [ RunTime:0.0039s ]
SQL: SHOW COLUMNS FROM `think_pet_type` [ RunTime:0.0035s ]
SQL: SELECT * FROM `think_pet_type` LIMIT 20   [ RunTime:0.0004s ]
SQL: SELECT COUNT(*) AS tp_count FROM `think_pet_intro` LIMIT 1   [ RunTime:0.0002s ]
SQL: SELECT * FROM `think_pet_intro` ORDER BY posttime desc LIMIT 48,24   [ RunTime:0.0375s ]
NOTIC: [8] Use of undefined constant PIC_URL - assumed 'PIC_URL' D:\wamp\www\young\Application\Common\Common\function.php 第 52 行.
NOTIC: [2] getimagesize(PIC_URL/images/20140701/070123.jpg): failed to open stream: No such file or directory D:\wamp\www\young\Application\Common\Common\function.php 第 52 行.
NOTIC: [8] Use of undefined constant PIC_URL - assumed 'PIC_URL' D:\wamp\www\young\Application\Common\Common\function.php 第 52 行.
NOTIC: [2] getimagesize(PIC_URL/images/20140701/070124.jpg): failed to open stream: No such file or directory D:\wamp\www\young\Application\Common\Common\function.php 第 52 行.
NOTIC: [8] Use of undefined constant PIC_URL - assumed 'PIC_URL' D:\wamp\www\young\Application\Common\Common\function.php 第 52 行.
NOTIC: [2] getimagesize(PIC_URL/images/20140701/070125.jpg): failed to open stream: No such file or directory D:\wamp\www\young\Application\Common\Common\function.php 第 52 行.
NOTIC: [8] Use of undefined constant PIC_URL - assumed 'PIC_URL' D:\wamp\www\young\Application\Common\Common\function.php 第 52 行.
NOTIC: [2] getimagesize(PIC_URL/images/20140701/070126.jpg): failed to open stream: No such file or directory D:\wamp\www\young\Application\Common\Common\function.php 第 52 行.
NOTIC: [8] Use of undefined constant PIC_URL - assumed 'PIC_URL' D:\wamp\www\young\Application\Common\Common\function.php 第 52 行.
NOTIC: [2] getimagesize(PIC_URL/images/20140701/070127.jpg): failed to open stream: No such file or directory D:\wamp\www\young\Application\Common\Common\function.php 第 52 行.
NOTIC: [8] Use of undefined constant PIC_URL - assumed 'PIC_URL' D:\wamp\www\young\Application\Common\Common\function.php 第 52 行.
NOTIC: [2] getimagesize(PIC_URL/images/20140701/070128.jpg): failed to open stream: No such file or directory D:\wamp\www\young\Application\Common\Common\function.php 第 52 行.
NOTIC: [8] Use of undefined constant PIC_URL - assumed 'PIC_URL' D:\wamp\www\young\Application\Common\Common\function.php 第 52 行.
NOTIC: [2] getimagesize(PIC_URL/images/20140701/070129.jpg): failed to open stream: No such file or directory D:\wamp\www\young\Application\Common\Common\function.php 第 52 行.
NOTIC: [8] Use of undefined constant PIC_URL - assumed 'PIC_URL' D:\wamp\www\young\Application\Common\Common\function.php 第 52 行.
NOTIC: [2] getimagesize(PIC_URL/images/20140701/070130.jpg): failed to open stream: No such file or directory D:\wamp\www\young\Application\Common\Common\function.php 第 52 行.
NOTIC: [8] Use of undefined constant PIC_URL - assumed 'PIC_URL' D:\wamp\www\young\Application\Common\Common\function.php 第 52 行.
NOTIC: [2] getimagesize(PIC_URL/images/20140702/070201.jpg): failed to open stream: No such file or directory D:\wamp\www\young\Application\Common\Common\function.php 第 52 行.
NOTIC: [8] Use of undefined constant PIC_URL - assumed 'PIC_URL' D:\wamp\www\young\Application\Common\Common\function.php 第 52 行.
NOTIC: [2] getimagesize(PIC_URL/images/20140702/070202.jpg): failed to open stream: No such file or directory D:\wamp\www\young\Application\Common\Common\function.php 第 52 行.
NOTIC: [8] Use of undefined constant PIC_URL - assumed 'PIC_URL' D:\wamp\www\young\Application\Common\Common\function.php 第 52 行.
NOTIC: [2] getimagesize(PIC_URL/images/20140702/070203.jpg): failed to open stream: No such file or directory D:\wamp\www\young\Application\Common\Common\function.php 第 52 行.
NOTIC: [8] Use of undefined constant PIC_URL - assumed 'PIC_URL' D:\wamp\www\young\Application\Common\Common\function.php 第 52 行.
NOTIC: [2] getimagesize(PIC_URL/images/20140702/070204.jpg): failed to open stream: No such file or directory D:\wamp\www\young\Application\Common\Common\function.php 第 52 行.
NOTIC: [8] Use of undefined constant PIC_URL - assumed 'PIC_URL' D:\wamp\www\young\Application\Common\Common\function.php 第 52 行.
NOTIC: [2] getimagesize(PIC_URL/images/20140702/070205.jpg): failed to open stream: No such file or directory D:\wamp\www\young\Application\Common\Common\function.php 第 52 行.
NOTIC: [8] Use of undefined constant PIC_URL - assumed 'PIC_URL' D:\wamp\www\young\Application\Common\Common\function.php 第 52 行.
NOTIC: [2] getimagesize(PIC_URL/images/20140702/070206.jpg): failed to open stream: No such file or directory D:\wamp\www\young\Application\Common\Common\function.php 第 52 行.
NOTIC: [8] Use of undefined constant PIC_URL - assumed 'PIC_URL' D:\wamp\www\young\Application\Common\Common\function.php 第 52 行.
NOTIC: [2] getimagesize(PIC_URL/images/20140702/070207.jpg): failed to open stream: No such file or directory D:\wamp\www\young\Application\Common\Common\function.php 第 52 行.
NOTIC: [8] Use of undefined constant PIC_URL - assumed 'PIC_URL' D:\wamp\www\young\Application\Common\Common\function.php 第 52 行.
NOTIC: [2] getimagesize(PIC_URL/images/20140702/070208.jpg): failed to open stream: No such file or directory D:\wamp\www\young\Application\Common\Common\function.php 第 52 行.
NOTIC: [8] Use of undefined constant PIC_URL - assumed 'PIC_URL' D:\wamp\www\young\Application\Common\Common\function.php 第 52 行.
NOTIC: [2] getimagesize(PIC_URL/images/20140702/070209.jpg): failed to open stream: No such file or directory D:\wamp\www\young\Application\Common\Common\function.php 第 52 行.
NOTIC: [8] Use of undefined constant PIC_URL - assumed 'PIC_URL' D:\wamp\www\young\Application\Common\Common\function.php 第 52 行.
NOTIC: [2] getimagesize(PIC_URL/images/20140702/070210.jpg): failed to open stream: No such file or directory D:\wamp\www\young\Application\Common\Common\function.php 第 52 行.
NOTIC: [8] Use of undefined constant PIC_URL - assumed 'PIC_URL' D:\wamp\www\young\Application\Common\Common\function.php 第 52 行.
NOTIC: [2] getimagesize(PIC_URL/images/20140702/070211.jpg): failed to open stream: No such file or directory D:\wamp\www\young\Application\Common\Common\function.php 第 52 行.
NOTIC: [8] Use of undefined constant PIC_URL - assumed 'PIC_URL' D:\wamp\www\young\Application\Common\Common\function.php 第 52 行.
NOTIC: [2] getimagesize(PIC_URL/images/20140702/070212.jpg): failed to open stream: No such file or directory D:\wamp\www\young\Application\Common\Common\function.php 第 52 行.
NOTIC: [8] Use of undefined constant PIC_URL - assumed 'PIC_URL' D:\wamp\www\young\Application\Common\Common\function.php 第 52 行.
NOTIC: [2] getimagesize(PIC_URL/images/20140702/070213.jpg): failed to open stream: No such file or directory D:\wamp\www\young\Application\Common\Common\function.php 第 52 行.
NOTIC: [8] Use of undefined constant PIC_URL - assumed 'PIC_URL' D:\wamp\www\young\Application\Common\Common\function.php 第 52 行.
NOTIC: [2] getimagesize(PIC_URL/images/20140702/070214.jpg): failed to open stream: No such file or directory D:\wamp\www\young\Application\Common\Common\function.php 第 52 行.
NOTIC: [8] Use of undefined constant PIC_URL - assumed 'PIC_URL' D:\wamp\www\young\Application\Common\Common\function.php 第 52 行.
NOTIC: [2] getimagesize(PIC_URL/images/20140702/070215.jpg): failed to open stream: No such file or directory D:\wamp\www\young\Application\Common\Common\function.php 第 52 行.
NOTIC: [8] Use of undefined constant PIC_URL - assumed 'PIC_URL' D:\wamp\www\young\Application\Common\Common\function.php 第 52 行.
NOTIC: [2] getimagesize(PIC_URL/images/20140702/070216.jpg): failed to open stream: No such file or directory D:\wamp\www\young\Application\Common\Common\function.php 第 52 行.

[ 2016-02-29T15:22:58+08:00 ] 128.1.1.63 /index.php/
INFO: [ app_init ] --START--
INFO: Run Behavior\BuildLiteBehavior [ RunTime:0.000025s ]
INFO: [ app_init ] --END-- [ RunTime:0.000425s ]
INFO: [ app_begin ] --START--
INFO: Run Behavior\ReadHtmlCacheBehavior [ RunTime:0.000511s ]
INFO: [ app_begin ] --END-- [ RunTime:0.000601s ]
SQL: SHOW COLUMNS FROM `think_pet_intro` [ RunTime:0.0051s ]
SQL: SHOW COLUMNS FROM `think_pet_intro` [ RunTime:0.0046s ]
SQL: SHOW COLUMNS FROM `think_pet_type` [ RunTime:0.0046s ]
SQL: SHOW COLUMNS FROM `think_pet_type` [ RunTime:0.0040s ]
SQL: SELECT * FROM `think_pet_type` LIMIT 20   [ RunTime:0.0005s ]
SQL: SELECT COUNT(*) AS tp_count FROM `think_pet_intro` LIMIT 1   [ RunTime:0.0002s ]
SQL: SELECT * FROM `think_pet_intro` ORDER BY posttime desc LIMIT 72,24   [ RunTime:0.0025s ]
NOTIC: [8] Use of undefined constant PIC_URL - assumed 'PIC_URL' D:\wamp\www\young\Application\Common\Common\function.php 第 52 行.
NOTIC: [2] getimagesize(PIC_URL/images/20140702/070217.jpg): failed to open stream: No such file or directory D:\wamp\www\young\Application\Common\Common\function.php 第 52 行.
NOTIC: [8] Use of undefined constant PIC_URL - assumed 'PIC_URL' D:\wamp\www\young\Application\Common\Common\function.php 第 52 行.
NOTIC: [2] getimagesize(PIC_URL/images/20140702/070218.jpg): failed to open stream: No such file or directory D:\wamp\www\young\Application\Common\Common\function.php 第 52 行.
NOTIC: [8] Use of undefined constant PIC_URL - assumed 'PIC_URL' D:\wamp\www\young\Application\Common\Common\function.php 第 52 行.
NOTIC: [2] getimagesize(PIC_URL/images/20140702/070219.jpg): failed to open stream: No such file or directory D:\wamp\www\young\Application\Common\Common\function.php 第 52 行.
NOTIC: [8] Use of undefined constant PIC_URL - assumed 'PIC_URL' D:\wamp\www\young\Application\Common\Common\function.php 第 52 行.
NOTIC: [2] getimagesize(PIC_URL/images/20140702/070220.jpg): failed to open stream: No such file or directory D:\wamp\www\young\Application\Common\Common\function.php 第 52 行.
NOTIC: [8] Use of undefined constant PIC_URL - assumed 'PIC_URL' D:\wamp\www\young\Application\Common\Common\function.php 第 52 行.
NOTIC: [2] getimagesize(PIC_URL/images/20140702/070221.jpg): failed to open stream: No such file or directory D:\wamp\www\young\Application\Common\Common\function.php 第 52 行.
NOTIC: [8] Use of undefined constant PIC_URL - assumed 'PIC_URL' D:\wamp\www\young\Application\Common\Common\function.php 第 52 行.
NOTIC: [2] getimagesize(PIC_URL/images/20140702/070222.jpg): failed to open stream: No such file or directory D:\wamp\www\young\Application\Common\Common\function.php 第 52 行.
NOTIC: [8] Use of undefined constant PIC_URL - assumed 'PIC_URL' D:\wamp\www\young\Application\Common\Common\function.php 第 52 行.
NOTIC: [2] getimagesize(PIC_URL/images/20140702/070223.jpg): failed to open stream: No such file or directory D:\wamp\www\young\Application\Common\Common\function.php 第 52 行.
NOTIC: [8] Use of undefined constant PIC_URL - assumed 'PIC_URL' D:\wamp\www\young\Application\Common\Common\function.php 第 52 行.
NOTIC: [2] getimagesize(PIC_URL/images/20140702/070224.jpg): failed to open stream: No such file or directory D:\wamp\www\young\Application\Common\Common\function.php 第 52 行.
NOTIC: [8] Use of undefined constant PIC_URL - assumed 'PIC_URL' D:\wamp\www\young\Application\Common\Common\function.php 第 52 行.
NOTIC: [2] getimagesize(PIC_URL/images/20140702/070225.jpg): failed to open stream: No such file or directory D:\wamp\www\young\Application\Common\Common\function.php 第 52 行.
NOTIC: [8] Use of undefined constant PIC_URL - assumed 'PIC_URL' D:\wamp\www\young\Application\Common\Common\function.php 第 52 行.
NOTIC: [2] getimagesize(PIC_URL/images/20140702/070226.jpg): failed to open stream: No such file or directory D:\wamp\www\young\Application\Common\Common\function.php 第 52 行.
NOTIC: [8] Use of undefined constant PIC_URL - assumed 'PIC_URL' D:\wamp\www\young\Application\Common\Common\function.php 第 52 行.
NOTIC: [2] getimagesize(PIC_URL/images/20140702/070227.jpg): failed to open stream: No such file or directory D:\wamp\www\young\Application\Common\Common\function.php 第 52 行.
NOTIC: [8] Use of undefined constant PIC_URL - assumed 'PIC_URL' D:\wamp\www\young\Application\Common\Common\function.php 第 52 行.
NOTIC: [2] getimagesize(PIC_URL/images/20140702/070228.jpg): failed to open stream: No such file or directory D:\wamp\www\young\Application\Common\Common\function.php 第 52 行.
NOTIC: [8] Use of undefined constant PIC_URL - assumed 'PIC_URL' D:\wamp\www\young\Application\Common\Common\function.php 第 52 行.
NOTIC: [2] getimagesize(PIC_URL/images/20140702/070229.jpg): failed to open stream: No such file or directory D:\wamp\www\young\Application\Common\Common\function.php 第 52 行.
NOTIC: [8] Use of undefined constant PIC_URL - assumed 'PIC_URL' D:\wamp\www\young\Application\Common\Common\function.php 第 52 行.
NOTIC: [2] getimagesize(PIC_URL/images/20140702/070230.jpg): failed to open stream: No such file or directory D:\wamp\www\young\Application\Common\Common\function.php 第 52 行.
NOTIC: [8] Use of undefined constant PIC_URL - assumed 'PIC_URL' D:\wamp\www\young\Application\Common\Common\function.php 第 52 行.
NOTIC: [2] getimagesize(PIC_URL/images/20140701/070101.jpg): failed to open stream: No such file or directory D:\wamp\www\young\Application\Common\Common\function.php 第 52 行.
NOTIC: [8] Use of undefined constant PIC_URL - assumed 'PIC_URL' D:\wamp\www\young\Application\Common\Common\function.php 第 52 行.
NOTIC: [2] getimagesize(PIC_URL/images/20140701/070102.jpg): failed to open stream: No such file or directory D:\wamp\www\young\Application\Common\Common\function.php 第 52 行.
NOTIC: [8] Use of undefined constant PIC_URL - assumed 'PIC_URL' D:\wamp\www\young\Application\Common\Common\function.php 第 52 行.
NOTIC: [2] getimagesize(PIC_URL/images/20140701/070103.jpg): failed to open stream: No such file or directory D:\wamp\www\young\Application\Common\Common\function.php 第 52 行.
NOTIC: [8] Use of undefined constant PIC_URL - assumed 'PIC_URL' D:\wamp\www\young\Application\Common\Common\function.php 第 52 行.
NOTIC: [2] getimagesize(PIC_URL/images/20140701/070104.jpg): failed to open stream: No such file or directory D:\wamp\www\young\Application\Common\Common\function.php 第 52 行.
NOTIC: [8] Use of undefined constant PIC_URL - assumed 'PIC_URL' D:\wamp\www\young\Application\Common\Common\function.php 第 52 行.
NOTIC: [2] getimagesize(PIC_URL/images/20140701/070105.jpg): failed to open stream: No such file or directory D:\wamp\www\young\Application\Common\Common\function.php 第 52 行.
NOTIC: [8] Use of undefined constant PIC_URL - assumed 'PIC_URL' D:\wamp\www\young\Application\Common\Common\function.php 第 52 行.
NOTIC: [2] getimagesize(PIC_URL/images/20140701/070106.jpg): failed to open stream: No such file or directory D:\wamp\www\young\Application\Common\Common\function.php 第 52 行.
NOTIC: [8] Use of undefined constant PIC_URL - assumed 'PIC_URL' D:\wamp\www\young\Application\Common\Common\function.php 第 52 行.
NOTIC: [2] getimagesize(PIC_URL/images/20140701/070107.jpg): failed to open stream: No such file or directory D:\wamp\www\young\Application\Common\Common\function.php 第 52 行.
NOTIC: [8] Use of undefined constant PIC_URL - assumed 'PIC_URL' D:\wamp\www\young\Application\Common\Common\function.php 第 52 行.
NOTIC: [2] getimagesize(PIC_URL/images/20140701/070108.jpg): failed to open stream: No such file or directory D:\wamp\www\young\Application\Common\Common\function.php 第 52 行.
NOTIC: [8] Use of undefined constant PIC_URL - assumed 'PIC_URL' D:\wamp\www\young\Application\Common\Common\function.php 第 52 行.
NOTIC: [2] getimagesize(PIC_URL/images/20140701/070109.jpg): failed to open stream: No such file or directory D:\wamp\www\young\Application\Common\Common\function.php 第 52 行.
NOTIC: [8] Use of undefined constant PIC_URL - assumed 'PIC_URL' D:\wamp\www\young\Application\Common\Common\function.php 第 52 行.
NOTIC: [2] getimagesize(PIC_URL/images/20140701/070110.jpg): failed to open stream: No such file or directory D:\wamp\www\young\Application\Common\Common\function.php 第 52 行.

[ 2016-02-29T15:23:02+08:00 ] 128.1.1.63 /index.php?page=3
INFO: [ app_init ] --START--
INFO: Run Behavior\BuildLiteBehavior [ RunTime:0.000032s ]
INFO: [ app_init ] --END-- [ RunTime:0.000585s ]
INFO: [ app_begin ] --START--
INFO: Run Behavior\ReadHtmlCacheBehavior [ RunTime:0.000715s ]
INFO: [ app_begin ] --END-- [ RunTime:0.000857s ]
SQL: SHOW COLUMNS FROM `think_pet_intro` [ RunTime:0.0036s ]
SQL: SHOW COLUMNS FROM `think_pet_intro` [ RunTime:0.0030s ]
SQL: SHOW COLUMNS FROM `think_pet_type` [ RunTime:0.0043s ]
SQL: SHOW COLUMNS FROM `think_pet_type` [ RunTime:0.0033s ]
SQL: SELECT * FROM `think_pet_type` LIMIT 20   [ RunTime:0.0004s ]
SQL: SELECT COUNT(*) AS tp_count FROM `think_pet_intro` LIMIT 1   [ RunTime:0.0001s ]
INFO: [ view_parse ] --START--
INFO: [ template_filter ] --START--
INFO: Run Behavior\ContentReplaceBehavior [ RunTime:0.000105s ]
INFO: [ template_filter ] --END-- [ RunTime:0.000227s ]
INFO: Run Behavior\ParseTemplateBehavior [ RunTime:0.012603s ]
INFO: [ view_parse ] --END-- [ RunTime:0.012723s ]
INFO: [ view_filter ] --START--
INFO: Run Behavior\WriteHtmlCacheBehavior [ RunTime:0.000734s ]
INFO: [ view_filter ] --END-- [ RunTime:0.000875s ]
INFO: [ app_end ] --START--
INFO: Run Behavior\ShowPageTraceBehavior [ RunTime:0.000584s ]
INFO: [ app_end ] --END-- [ RunTime:0.000678s ]

[ 2016-02-29T15:23:03+08:00 ] 128.1.1.63 /index.php/
INFO: [ app_init ] --START--
INFO: Run Behavior\BuildLiteBehavior [ RunTime:0.000025s ]
INFO: [ app_init ] --END-- [ RunTime:0.000431s ]
INFO: [ app_begin ] --START--
INFO: Run Behavior\ReadHtmlCacheBehavior [ RunTime:0.000515s ]
INFO: [ app_begin ] --END-- [ RunTime:0.000600s ]
SQL: SHOW COLUMNS FROM `think_pet_intro` [ RunTime:0.0035s ]
SQL: SHOW COLUMNS FROM `think_pet_intro` [ RunTime:0.0040s ]
SQL: SHOW COLUMNS FROM `think_pet_type` [ RunTime:0.0040s ]
SQL: SHOW COLUMNS FROM `think_pet_type` [ RunTime:0.0039s ]
SQL: SELECT * FROM `think_pet_type` LIMIT 20   [ RunTime:0.0003s ]
SQL: SELECT COUNT(*) AS tp_count FROM `think_pet_intro` LIMIT 1   [ RunTime:0.0001s ]
SQL: SELECT * FROM `think_pet_intro` ORDER BY posttime desc LIMIT 0,24   [ RunTime:0.0019s ]
NOTIC: [8] Use of undefined constant PIC_URL - assumed 'PIC_URL' D:\wamp\www\young\Application\Common\Common\function.php 第 52 行.
NOTIC: [2] getimagesize(PIC_URL/images/20140702/070205.jpg): failed to open stream: No such file or directory D:\wamp\www\young\Application\Common\Common\function.php 第 52 行.
NOTIC: [8] Use of undefined constant PIC_URL - assumed 'PIC_URL' D:\wamp\www\young\Application\Common\Common\function.php 第 52 行.
NOTIC: [2] getimagesize(PIC_URL/images/20140702/070206.jpg): failed to open stream: No such file or directory D:\wamp\www\young\Application\Common\Common\function.php 第 52 行.
NOTIC: [8] Use of undefined constant PIC_URL - assumed 'PIC_URL' D:\wamp\www\young\Application\Common\Common\function.php 第 52 行.
NOTIC: [2] getimagesize(PIC_URL/images/20140702/070207.jpg): failed to open stream: No such file or directory D:\wamp\www\young\Application\Common\Common\function.php 第 52 行.
NOTIC: [8] Use of undefined constant PIC_URL - assumed 'PIC_URL' D:\wamp\www\young\Application\Common\Common\function.php 第 52 行.
NOTIC: [2] getimagesize(PIC_URL/images/20140702/070208.jpg): failed to open stream: No such file or directory D:\wamp\www\young\Application\Common\Common\function.php 第 52 行.
NOTIC: [8] Use of undefined constant PIC_URL - assumed 'PIC_URL' D:\wamp\www\young\Application\Common\Common\function.php 第 52 行.
NOTIC: [2] getimagesize(PIC_URL/images/20140702/070209.jpg): failed to open stream: No such file or directory D:\wamp\www\young\Application\Common\Common\function.php 第 52 行.
NOTIC: [8] Use of undefined constant PIC_URL - assumed 'PIC_URL' D:\wamp\www\young\Application\Common\Common\function.php 第 52 行.
NOTIC: [2] getimagesize(PIC_URL/images/20140702/070210.jpg): failed to open stream: No such file or directory D:\wamp\www\young\Application\Common\Common\function.php 第 52 行.
NOTIC: [8] Use of undefined constant PIC_URL - assumed 'PIC_URL' D:\wamp\www\young\Application\Common\Common\function.php 第 52 行.
NOTIC: [2] getimagesize(PIC_URL/images/20140702/070211.jpg): failed to open stream: No such file or directory D:\wamp\www\young\Application\Common\Common\function.php 第 52 行.
NOTIC: [8] Use of undefined constant PIC_URL - assumed 'PIC_URL' D:\wamp\www\young\Application\Common\Common\function.php 第 52 行.
NOTIC: [2] getimagesize(PIC_URL/images/20140702/070212.jpg): failed to open stream: No such file or directory D:\wamp\www\young\Application\Common\Common\function.php 第 52 行.
NOTIC: [8] Use of undefined constant PIC_URL - assumed 'PIC_URL' D:\wamp\www\young\Application\Common\Common\function.php 第 52 行.
NOTIC: [2] getimagesize(PIC_URL/images/20140702/070213.jpg): failed to open stream: No such file or directory D:\wamp\www\young\Application\Common\Common\function.php 第 52 行.
NOTIC: [8] Use of undefined constant PIC_URL - assumed 'PIC_URL' D:\wamp\www\young\Application\Common\Common\function.php 第 52 行.
NOTIC: [2] getimagesize(PIC_URL/images/20140702/070214.jpg): failed to open stream: No such file or directory D:\wamp\www\young\Application\Common\Common\function.php 第 52 行.
NOTIC: [8] Use of undefined constant PIC_URL - assumed 'PIC_URL' D:\wamp\www\young\Application\Common\Common\function.php 第 52 行.
NOTIC: [2] getimagesize(PIC_URL/images/20140702/070215.jpg): failed to open stream: No such file or directory D:\wamp\www\young\Application\Common\Common\function.php 第 52 行.
NOTIC: [8] Use of undefined constant PIC_URL - assumed 'PIC_URL' D:\wamp\www\young\Application\Common\Common\function.php 第 52 行.
NOTIC: [2] getimagesize(PIC_URL/images/20140702/070216.jpg): failed to open stream: No such file or directory D:\wamp\www\young\Application\Common\Common\function.php 第 52 行.
NOTIC: [8] Use of undefined constant PIC_URL - assumed 'PIC_URL' D:\wamp\www\young\Application\Common\Common\function.php 第 52 行.
NOTIC: [2] getimagesize(PIC_URL/images/20140702/070217.jpg): failed to open stream: No such file or directory D:\wamp\www\young\Application\Common\Common\function.php 第 52 行.
NOTIC: [8] Use of undefined constant PIC_URL - assumed 'PIC_URL' D:\wamp\www\young\Application\Common\Common\function.php 第 52 行.
NOTIC: [2] getimagesize(PIC_URL/images/20140702/070218.jpg): failed to open stream: No such file or directory D:\wamp\www\young\Application\Common\Common\function.php 第 52 行.
NOTIC: [8] Use of undefined constant PIC_URL - assumed 'PIC_URL' D:\wamp\www\young\Application\Common\Common\function.php 第 52 行.
NOTIC: [2] getimagesize(PIC_URL/images/20140702/070219.jpg): failed to open stream: No such file or directory D:\wamp\www\young\Application\Common\Common\function.php 第 52 行.
NOTIC: [8] Use of undefined constant PIC_URL - assumed 'PIC_URL' D:\wamp\www\young\Application\Common\Common\function.php 第 52 行.
NOTIC: [2] getimagesize(PIC_URL/images/20140702/070220.jpg): failed to open stream: No such file or directory D:\wamp\www\young\Application\Common\Common\function.php 第 52 行.
NOTIC: [8] Use of undefined constant PIC_URL - assumed 'PIC_URL' D:\wamp\www\young\Application\Common\Common\function.php 第 52 行.
NOTIC: [2] getimagesize(PIC_URL/images/20140702/070221.jpg): failed to open stream: No such file or directory D:\wamp\www\young\Application\Common\Common\function.php 第 52 行.
NOTIC: [8] Use of undefined constant PIC_URL - assumed 'PIC_URL' D:\wamp\www\young\Application\Common\Common\function.php 第 52 行.
NOTIC: [2] getimagesize(PIC_URL/images/20140702/070222.jpg): failed to open stream: No such file or directory D:\wamp\www\young\Application\Common\Common\function.php 第 52 行.
NOTIC: [8] Use of undefined constant PIC_URL - assumed 'PIC_URL' D:\wamp\www\young\Application\Common\Common\function.php 第 52 行.
NOTIC: [2] getimagesize(PIC_URL/images/20140702/070223.jpg): failed to open stream: No such file or directory D:\wamp\www\young\Application\Common\Common\function.php 第 52 行.
NOTIC: [8] Use of undefined constant PIC_URL - assumed 'PIC_URL' D:\wamp\www\young\Application\Common\Common\function.php 第 52 行.
NOTIC: [2] getimagesize(PIC_URL/images/20140702/070224.jpg): failed to open stream: No such file or directory D:\wamp\www\young\Application\Common\Common\function.php 第 52 行.
NOTIC: [8] Use of undefined constant PIC_URL - assumed 'PIC_URL' D:\wamp\www\young\Application\Common\Common\function.php 第 52 行.
NOTIC: [2] getimagesize(PIC_URL/images/20140702/070225.jpg): failed to open stream: No such file or directory D:\wamp\www\young\Application\Common\Common\function.php 第 52 行.
NOTIC: [8] Use of undefined constant PIC_URL - assumed 'PIC_URL' D:\wamp\www\young\Application\Common\Common\function.php 第 52 行.
NOTIC: [2] getimagesize(PIC_URL/images/20140702/070226.jpg): failed to open stream: No such file or directory D:\wamp\www\young\Application\Common\Common\function.php 第 52 行.
NOTIC: [8] Use of undefined constant PIC_URL - assumed 'PIC_URL' D:\wamp\www\young\Application\Common\Common\function.php 第 52 行.
NOTIC: [2] getimagesize(PIC_URL/images/20140702/070227.jpg): failed to open stream: No such file or directory D:\wamp\www\young\Application\Common\Common\function.php 第 52 行.
NOTIC: [8] Use of undefined constant PIC_URL - assumed 'PIC_URL' D:\wamp\www\young\Application\Common\Common\function.php 第 52 行.
NOTIC: [2] getimagesize(PIC_URL/images/20140702/070228.jpg): failed to open stream: No such file or directory D:\wamp\www\young\Application\Common\Common\function.php 第 52 行.

[ 2016-02-29T15:23:06+08:00 ] 128.1.1.63 /index.php/
INFO: [ app_init ] --START--
INFO: Run Behavior\BuildLiteBehavior [ RunTime:0.000034s ]
INFO: [ app_init ] --END-- [ RunTime:0.000809s ]
INFO: [ app_begin ] --START--
INFO: Run Behavior\ReadHtmlCacheBehavior [ RunTime:0.000594s ]
INFO: [ app_begin ] --END-- [ RunTime:0.000713s ]
SQL: SHOW COLUMNS FROM `think_pet_intro` [ RunTime:0.0038s ]
SQL: SHOW COLUMNS FROM `think_pet_intro` [ RunTime:0.0034s ]
SQL: SHOW COLUMNS FROM `think_pet_type` [ RunTime:0.0032s ]
SQL: SHOW COLUMNS FROM `think_pet_type` [ RunTime:0.0046s ]
SQL: SELECT * FROM `think_pet_type` LIMIT 20   [ RunTime:0.0004s ]
SQL: SELECT COUNT(*) AS tp_count FROM `think_pet_intro` LIMIT 1   [ RunTime:0.0001s ]
SQL: SELECT * FROM `think_pet_intro` ORDER BY posttime desc LIMIT 24,24   [ RunTime:0.0017s ]
NOTIC: [8] Use of undefined constant PIC_URL - assumed 'PIC_URL' D:\wamp\www\young\Application\Common\Common\function.php 第 52 行.
NOTIC: [2] getimagesize(PIC_URL/images/20140702/070229.jpg): failed to open stream: No such file or directory D:\wamp\www\young\Application\Common\Common\function.php 第 52 行.
NOTIC: [8] Use of undefined constant PIC_URL - assumed 'PIC_URL' D:\wamp\www\young\Application\Common\Common\function.php 第 52 行.
NOTIC: [2] getimagesize(PIC_URL/images/20140702/070230.jpg): failed to open stream: No such file or directory D:\wamp\www\young\Application\Common\Common\function.php 第 52 行.
NOTIC: [8] Use of undefined constant PIC_URL - assumed 'PIC_URL' D:\wamp\www\young\Application\Common\Common\function.php 第 52 行.
NOTIC: [2] getimagesize(PIC_URL/images/20140701/070101.jpg): failed to open stream: No such file or directory D:\wamp\www\young\Application\Common\Common\function.php 第 52 行.
NOTIC: [8] Use of undefined constant PIC_URL - assumed 'PIC_URL' D:\wamp\www\young\Application\Common\Common\function.php 第 52 行.
NOTIC: [2] getimagesize(PIC_URL/images/20140701/070102.jpg): failed to open stream: No such file or directory D:\wamp\www\young\Application\Common\Common\function.php 第 52 行.
NOTIC: [8] Use of undefined constant PIC_URL - assumed 'PIC_URL' D:\wamp\www\young\Application\Common\Common\function.php 第 52 行.
NOTIC: [2] getimagesize(PIC_URL/images/20140701/070103.jpg): failed to open stream: No such file or directory D:\wamp\www\young\Application\Common\Common\function.php 第 52 行.
NOTIC: [8] Use of undefined constant PIC_URL - assumed 'PIC_URL' D:\wamp\www\young\Application\Common\Common\function.php 第 52 行.
NOTIC: [2] getimagesize(PIC_URL/images/20140701/070104.jpg): failed to open stream: No such file or directory D:\wamp\www\young\Application\Common\Common\function.php 第 52 行.
NOTIC: [8] Use of undefined constant PIC_URL - assumed 'PIC_URL' D:\wamp\www\young\Application\Common\Common\function.php 第 52 行.
NOTIC: [2] getimagesize(PIC_URL/images/20140701/070105.jpg): failed to open stream: No such file or directory D:\wamp\www\young\Application\Common\Common\function.php 第 52 行.
NOTIC: [8] Use of undefined constant PIC_URL - assumed 'PIC_URL' D:\wamp\www\young\Application\Common\Common\function.php 第 52 行.
NOTIC: [2] getimagesize(PIC_URL/images/20140701/070106.jpg): failed to open stream: No such file or directory D:\wamp\www\young\Application\Common\Common\function.php 第 52 行.
NOTIC: [8] Use of undefined constant PIC_URL - assumed 'PIC_URL' D:\wamp\www\young\Application\Common\Common\function.php 第 52 行.
NOTIC: [2] getimagesize(PIC_URL/images/20140701/070107.jpg): failed to open stream: No such file or directory D:\wamp\www\young\Application\Common\Common\function.php 第 52 行.
NOTIC: [8] Use of undefined constant PIC_URL - assumed 'PIC_URL' D:\wamp\www\young\Application\Common\Common\function.php 第 52 行.
NOTIC: [2] getimagesize(PIC_URL/images/20140701/070108.jpg): failed to open stream: No such file or directory D:\wamp\www\young\Application\Common\Common\function.php 第 52 行.
NOTIC: [8] Use of undefined constant PIC_URL - assumed 'PIC_URL' D:\wamp\www\young\Application\Common\Common\function.php 第 52 行.
NOTIC: [2] getimagesize(PIC_URL/images/20140701/070109.jpg): failed to open stream: No such file or directory D:\wamp\www\young\Application\Common\Common\function.php 第 52 行.
NOTIC: [8] Use of undefined constant PIC_URL - assumed 'PIC_URL' D:\wamp\www\young\Application\Common\Common\function.php 第 52 行.
NOTIC: [2] getimagesize(PIC_URL/images/20140701/070110.jpg): failed to open stream: No such file or directory D:\wamp\www\young\Application\Common\Common\function.php 第 52 行.
NOTIC: [8] Use of undefined constant PIC_URL - assumed 'PIC_URL' D:\wamp\www\young\Application\Common\Common\function.php 第 52 行.
NOTIC: [2] getimagesize(PIC_URL/images/20140701/070111.jpg): failed to open stream: No such file or directory D:\wamp\www\young\Application\Common\Common\function.php 第 52 行.
NOTIC: [8] Use of undefined constant PIC_URL - assumed 'PIC_URL' D:\wamp\www\young\Application\Common\Common\function.php 第 52 行.
NOTIC: [2] getimagesize(PIC_URL/images/20140701/070112.jpg): failed to open stream: No such file or directory D:\wamp\www\young\Application\Common\Common\function.php 第 52 行.
NOTIC: [8] Use of undefined constant PIC_URL - assumed 'PIC_URL' D:\wamp\www\young\Application\Common\Common\function.php 第 52 行.
NOTIC: [2] getimagesize(PIC_URL/images/20140701/070113.jpg): failed to open stream: No such file or directory D:\wamp\www\young\Application\Common\Common\function.php 第 52 行.
NOTIC: [8] Use of undefined constant PIC_URL - assumed 'PIC_URL' D:\wamp\www\young\Application\Common\Common\function.php 第 52 行.
NOTIC: [2] getimagesize(PIC_URL/images/20140701/070114.jpg): failed to open stream: No such file or directory D:\wamp\www\young\Application\Common\Common\function.php 第 52 行.
NOTIC: [8] Use of undefined constant PIC_URL - assumed 'PIC_URL' D:\wamp\www\young\Application\Common\Common\function.php 第 52 行.
NOTIC: [2] getimagesize(PIC_URL/images/20140701/070115.jpg): failed to open stream: No such file or directory D:\wamp\www\young\Application\Common\Common\function.php 第 52 行.
NOTIC: [8] Use of undefined constant PIC_URL - assumed 'PIC_URL' D:\wamp\www\young\Application\Common\Common\function.php 第 52 行.
NOTIC: [2] getimagesize(PIC_URL/images/20140701/070116.jpg): failed to open stream: No such file or directory D:\wamp\www\young\Application\Common\Common\function.php 第 52 行.
NOTIC: [8] Use of undefined constant PIC_URL - assumed 'PIC_URL' D:\wamp\www\young\Application\Common\Common\function.php 第 52 行.
NOTIC: [2] getimagesize(PIC_URL/images/20140701/070117.jpg): failed to open stream: No such file or directory D:\wamp\www\young\Application\Common\Common\function.php 第 52 行.
NOTIC: [8] Use of undefined constant PIC_URL - assumed 'PIC_URL' D:\wamp\www\young\Application\Common\Common\function.php 第 52 行.
NOTIC: [2] getimagesize(PIC_URL/images/20140701/070118.jpg): failed to open stream: No such file or directory D:\wamp\www\young\Application\Common\Common\function.php 第 52 行.
NOTIC: [8] Use of undefined constant PIC_URL - assumed 'PIC_URL' D:\wamp\www\young\Application\Common\Common\function.php 第 52 行.
NOTIC: [2] getimagesize(PIC_URL/images/20140701/070119.jpg): failed to open stream: No such file or directory D:\wamp\www\young\Application\Common\Common\function.php 第 52 行.
NOTIC: [8] Use of undefined constant PIC_URL - assumed 'PIC_URL' D:\wamp\www\young\Application\Common\Common\function.php 第 52 行.
NOTIC: [2] getimagesize(PIC_URL/images/20140701/070120.jpg): failed to open stream: No such file or directory D:\wamp\www\young\Application\Common\Common\function.php 第 52 行.
NOTIC: [8] Use of undefined constant PIC_URL - assumed 'PIC_URL' D:\wamp\www\young\Application\Common\Common\function.php 第 52 行.
NOTIC: [2] getimagesize(PIC_URL/images/20140701/070121.jpg): failed to open stream: No such file or directory D:\wamp\www\young\Application\Common\Common\function.php 第 52 行.
NOTIC: [8] Use of undefined constant PIC_URL - assumed 'PIC_URL' D:\wamp\www\young\Application\Common\Common\function.php 第 52 行.
NOTIC: [2] getimagesize(PIC_URL/images/20140701/070122.jpg): failed to open stream: No such file or directory D:\wamp\www\young\Application\Common\Common\function.php 第 52 行.

[ 2016-02-29T15:23:06+08:00 ] 128.1.1.63 /index.php/
INFO: [ app_init ] --START--
INFO: Run Behavior\BuildLiteBehavior [ RunTime:0.000029s ]
INFO: [ app_init ] --END-- [ RunTime:0.000492s ]
INFO: [ app_begin ] --START--
INFO: Run Behavior\ReadHtmlCacheBehavior [ RunTime:0.000827s ]
INFO: [ app_begin ] --END-- [ RunTime:0.000967s ]
SQL: SHOW COLUMNS FROM `think_pet_intro` [ RunTime:0.0072s ]
SQL: SHOW COLUMNS FROM `think_pet_intro` [ RunTime:0.0116s ]
SQL: SHOW COLUMNS FROM `think_pet_type` [ RunTime:0.0041s ]
SQL: SHOW COLUMNS FROM `think_pet_type` [ RunTime:0.0044s ]
SQL: SELECT * FROM `think_pet_type` LIMIT 20   [ RunTime:0.0006s ]
SQL: SELECT COUNT(*) AS tp_count FROM `think_pet_intro` LIMIT 1   [ RunTime:0.0004s ]
SQL: SELECT * FROM `think_pet_intro` ORDER BY posttime desc LIMIT 48,24   [ RunTime:0.0020s ]
NOTIC: [8] Use of undefined constant PIC_URL - assumed 'PIC_URL' D:\wamp\www\young\Application\Common\Common\function.php 第 52 行.
NOTIC: [2] getimagesize(PIC_URL/images/20140701/070123.jpg): failed to open stream: No such file or directory D:\wamp\www\young\Application\Common\Common\function.php 第 52 行.
NOTIC: [8] Use of undefined constant PIC_URL - assumed 'PIC_URL' D:\wamp\www\young\Application\Common\Common\function.php 第 52 行.
NOTIC: [2] getimagesize(PIC_URL/images/20140701/070124.jpg): failed to open stream: No such file or directory D:\wamp\www\young\Application\Common\Common\function.php 第 52 行.
NOTIC: [8] Use of undefined constant PIC_URL - assumed 'PIC_URL' D:\wamp\www\young\Application\Common\Common\function.php 第 52 行.
NOTIC: [2] getimagesize(PIC_URL/images/20140701/070125.jpg): failed to open stream: No such file or directory D:\wamp\www\young\Application\Common\Common\function.php 第 52 行.
NOTIC: [8] Use of undefined constant PIC_URL - assumed 'PIC_URL' D:\wamp\www\young\Application\Common\Common\function.php 第 52 行.
NOTIC: [2] getimagesize(PIC_URL/images/20140701/070126.jpg): failed to open stream: No such file or directory D:\wamp\www\young\Application\Common\Common\function.php 第 52 行.
NOTIC: [8] Use of undefined constant PIC_URL - assumed 'PIC_URL' D:\wamp\www\young\Application\Common\Common\function.php 第 52 行.
NOTIC: [2] getimagesize(PIC_URL/images/20140701/070127.jpg): failed to open stream: No such file or directory D:\wamp\www\young\Application\Common\Common\function.php 第 52 行.
NOTIC: [8] Use of undefined constant PIC_URL - assumed 'PIC_URL' D:\wamp\www\young\Application\Common\Common\function.php 第 52 行.
NOTIC: [2] getimagesize(PIC_URL/images/20140701/070128.jpg): failed to open stream: No such file or directory D:\wamp\www\young\Application\Common\Common\function.php 第 52 行.
NOTIC: [8] Use of undefined constant PIC_URL - assumed 'PIC_URL' D:\wamp\www\young\Application\Common\Common\function.php 第 52 行.
NOTIC: [2] getimagesize(PIC_URL/images/20140701/070129.jpg): failed to open stream: No such file or directory D:\wamp\www\young\Application\Common\Common\function.php 第 52 行.
NOTIC: [8] Use of undefined constant PIC_URL - assumed 'PIC_URL' D:\wamp\www\young\Application\Common\Common\function.php 第 52 行.
NOTIC: [2] getimagesize(PIC_URL/images/20140701/070130.jpg): failed to open stream: No such file or directory D:\wamp\www\young\Application\Common\Common\function.php 第 52 行.
NOTIC: [8] Use of undefined constant PIC_URL - assumed 'PIC_URL' D:\wamp\www\young\Application\Common\Common\function.php 第 52 行.
NOTIC: [2] getimagesize(PIC_URL/images/20140702/070201.jpg): failed to open stream: No such file or directory D:\wamp\www\young\Application\Common\Common\function.php 第 52 行.
NOTIC: [8] Use of undefined constant PIC_URL - assumed 'PIC_URL' D:\wamp\www\young\Application\Common\Common\function.php 第 52 行.
NOTIC: [2] getimagesize(PIC_URL/images/20140702/070202.jpg): failed to open stream: No such file or directory D:\wamp\www\young\Application\Common\Common\function.php 第 52 行.
NOTIC: [8] Use of undefined constant PIC_URL - assumed 'PIC_URL' D:\wamp\www\young\Application\Common\Common\function.php 第 52 行.
NOTIC: [2] getimagesize(PIC_URL/images/20140702/070203.jpg): failed to open stream: No such file or directory D:\wamp\www\young\Application\Common\Common\function.php 第 52 行.
NOTIC: [8] Use of undefined constant PIC_URL - assumed 'PIC_URL' D:\wamp\www\young\Application\Common\Common\function.php 第 52 行.
NOTIC: [2] getimagesize(PIC_URL/images/20140702/070204.jpg): failed to open stream: No such file or directory D:\wamp\www\young\Application\Common\Common\function.php 第 52 行.
NOTIC: [8] Use of undefined constant PIC_URL - assumed 'PIC_URL' D:\wamp\www\young\Application\Common\Common\function.php 第 52 行.
NOTIC: [2] getimagesize(PIC_URL/images/20140702/070205.jpg): failed to open stream: No such file or directory D:\wamp\www\young\Application\Common\Common\function.php 第 52 行.
NOTIC: [8] Use of undefined constant PIC_URL - assumed 'PIC_URL' D:\wamp\www\young\Application\Common\Common\function.php 第 52 行.
NOTIC: [2] getimagesize(PIC_URL/images/20140702/070206.jpg): failed to open stream: No such file or directory D:\wamp\www\young\Application\Common\Common\function.php 第 52 行.
NOTIC: [8] Use of undefined constant PIC_URL - assumed 'PIC_URL' D:\wamp\www\young\Application\Common\Common\function.php 第 52 行.
NOTIC: [2] getimagesize(PIC_URL/images/20140702/070207.jpg): failed to open stream: No such file or directory D:\wamp\www\young\Application\Common\Common\function.php 第 52 行.
NOTIC: [8] Use of undefined constant PIC_URL - assumed 'PIC_URL' D:\wamp\www\young\Application\Common\Common\function.php 第 52 行.
NOTIC: [2] getimagesize(PIC_URL/images/20140702/070208.jpg): failed to open stream: No such file or directory D:\wamp\www\young\Application\Common\Common\function.php 第 52 行.
NOTIC: [8] Use of undefined constant PIC_URL - assumed 'PIC_URL' D:\wamp\www\young\Application\Common\Common\function.php 第 52 行.
NOTIC: [2] getimagesize(PIC_URL/images/20140702/070209.jpg): failed to open stream: No such file or directory D:\wamp\www\young\Application\Common\Common\function.php 第 52 行.
NOTIC: [8] Use of undefined constant PIC_URL - assumed 'PIC_URL' D:\wamp\www\young\Application\Common\Common\function.php 第 52 行.
NOTIC: [2] getimagesize(PIC_URL/images/20140702/070210.jpg): failed to open stream: No such file or directory D:\wamp\www\young\Application\Common\Common\function.php 第 52 行.
NOTIC: [8] Use of undefined constant PIC_URL - assumed 'PIC_URL' D:\wamp\www\young\Application\Common\Common\function.php 第 52 行.
NOTIC: [2] getimagesize(PIC_URL/images/20140702/070211.jpg): failed to open stream: No such file or directory D:\wamp\www\young\Application\Common\Common\function.php 第 52 行.
NOTIC: [8] Use of undefined constant PIC_URL - assumed 'PIC_URL' D:\wamp\www\young\Application\Common\Common\function.php 第 52 行.
NOTIC: [2] getimagesize(PIC_URL/images/20140702/070212.jpg): failed to open stream: No such file or directory D:\wamp\www\young\Application\Common\Common\function.php 第 52 行.
NOTIC: [8] Use of undefined constant PIC_URL - assumed 'PIC_URL' D:\wamp\www\young\Application\Common\Common\function.php 第 52 行.
NOTIC: [2] getimagesize(PIC_URL/images/20140702/070213.jpg): failed to open stream: No such file or directory D:\wamp\www\young\Application\Common\Common\function.php 第 52 行.
NOTIC: [8] Use of undefined constant PIC_URL - assumed 'PIC_URL' D:\wamp\www\young\Application\Common\Common\function.php 第 52 行.
NOTIC: [2] getimagesize(PIC_URL/images/20140702/070214.jpg): failed to open stream: No such file or directory D:\wamp\www\young\Application\Common\Common\function.php 第 52 行.
NOTIC: [8] Use of undefined constant PIC_URL - assumed 'PIC_URL' D:\wamp\www\young\Application\Common\Common\function.php 第 52 行.
NOTIC: [2] getimagesize(PIC_URL/images/20140702/070215.jpg): failed to open stream: No such file or directory D:\wamp\www\young\Application\Common\Common\function.php 第 52 行.
NOTIC: [8] Use of undefined constant PIC_URL - assumed 'PIC_URL' D:\wamp\www\young\Application\Common\Common\function.php 第 52 行.
NOTIC: [2] getimagesize(PIC_URL/images/20140702/070216.jpg): failed to open stream: No such file or directory D:\wamp\www\young\Application\Common\Common\function.php 第 52 行.

[ 2016-02-29T15:23:08+08:00 ] 128.1.1.63 /index.php/
INFO: [ app_init ] --START--
INFO: Run Behavior\BuildLiteBehavior [ RunTime:0.000026s ]
INFO: [ app_init ] --END-- [ RunTime:0.000515s ]
INFO: [ app_begin ] --START--
INFO: Run Behavior\ReadHtmlCacheBehavior [ RunTime:0.000525s ]
INFO: [ app_begin ] --END-- [ RunTime:0.000619s ]
SQL: SHOW COLUMNS FROM `think_pet_intro` [ RunTime:0.0039s ]
SQL: SHOW COLUMNS FROM `think_pet_intro` [ RunTime:0.0035s ]
SQL: SHOW COLUMNS FROM `think_pet_type` [ RunTime:0.0033s ]
SQL: SHOW COLUMNS FROM `think_pet_type` [ RunTime:0.0033s ]
SQL: SELECT * FROM `think_pet_type` LIMIT 20   [ RunTime:0.0003s ]
SQL: SELECT COUNT(*) AS tp_count FROM `think_pet_intro` LIMIT 1   [ RunTime:0.0002s ]
SQL: SELECT * FROM `think_pet_intro` ORDER BY posttime desc LIMIT 72,24   [ RunTime:0.0024s ]
NOTIC: [8] Use of undefined constant PIC_URL - assumed 'PIC_URL' D:\wamp\www\young\Application\Common\Common\function.php 第 52 行.
NOTIC: [2] getimagesize(PIC_URL/images/20140702/070217.jpg): failed to open stream: No such file or directory D:\wamp\www\young\Application\Common\Common\function.php 第 52 行.
NOTIC: [8] Use of undefined constant PIC_URL - assumed 'PIC_URL' D:\wamp\www\young\Application\Common\Common\function.php 第 52 行.
NOTIC: [2] getimagesize(PIC_URL/images/20140702/070218.jpg): failed to open stream: No such file or directory D:\wamp\www\young\Application\Common\Common\function.php 第 52 行.
NOTIC: [8] Use of undefined constant PIC_URL - assumed 'PIC_URL' D:\wamp\www\young\Application\Common\Common\function.php 第 52 行.
NOTIC: [2] getimagesize(PIC_URL/images/20140702/070219.jpg): failed to open stream: No such file or directory D:\wamp\www\young\Application\Common\Common\function.php 第 52 行.
NOTIC: [8] Use of undefined constant PIC_URL - assumed 'PIC_URL' D:\wamp\www\young\Application\Common\Common\function.php 第 52 行.
NOTIC: [2] getimagesize(PIC_URL/images/20140702/070220.jpg): failed to open stream: No such file or directory D:\wamp\www\young\Application\Common\Common\function.php 第 52 行.
NOTIC: [8] Use of undefined constant PIC_URL - assumed 'PIC_URL' D:\wamp\www\young\Application\Common\Common\function.php 第 52 行.
NOTIC: [2] getimagesize(PIC_URL/images/20140702/070221.jpg): failed to open stream: No such file or directory D:\wamp\www\young\Application\Common\Common\function.php 第 52 行.
NOTIC: [8] Use of undefined constant PIC_URL - assumed 'PIC_URL' D:\wamp\www\young\Application\Common\Common\function.php 第 52 行.
NOTIC: [2] getimagesize(PIC_URL/images/20140702/070222.jpg): failed to open stream: No such file or directory D:\wamp\www\young\Application\Common\Common\function.php 第 52 行.
NOTIC: [8] Use of undefined constant PIC_URL - assumed 'PIC_URL' D:\wamp\www\young\Application\Common\Common\function.php 第 52 行.
NOTIC: [2] getimagesize(PIC_URL/images/20140702/070223.jpg): failed to open stream: No such file or directory D:\wamp\www\young\Application\Common\Common\function.php 第 52 行.
NOTIC: [8] Use of undefined constant PIC_URL - assumed 'PIC_URL' D:\wamp\www\young\Application\Common\Common\function.php 第 52 行.
NOTIC: [2] getimagesize(PIC_URL/images/20140702/070224.jpg): failed to open stream: No such file or directory D:\wamp\www\young\Application\Common\Common\function.php 第 52 行.
NOTIC: [8] Use of undefined constant PIC_URL - assumed 'PIC_URL' D:\wamp\www\young\Application\Common\Common\function.php 第 52 行.
NOTIC: [2] getimagesize(PIC_URL/images/20140702/070225.jpg): failed to open stream: No such file or directory D:\wamp\www\young\Application\Common\Common\function.php 第 52 行.
NOTIC: [8] Use of undefined constant PIC_URL - assumed 'PIC_URL' D:\wamp\www\young\Application\Common\Common\function.php 第 52 行.
NOTIC: [2] getimagesize(PIC_URL/images/20140702/070226.jpg): failed to open stream: No such file or directory D:\wamp\www\young\Application\Common\Common\function.php 第 52 行.
NOTIC: [8] Use of undefined constant PIC_URL - assumed 'PIC_URL' D:\wamp\www\young\Application\Common\Common\function.php 第 52 行.
NOTIC: [2] getimagesize(PIC_URL/images/20140702/070227.jpg): failed to open stream: No such file or directory D:\wamp\www\young\Application\Common\Common\function.php 第 52 行.
NOTIC: [8] Use of undefined constant PIC_URL - assumed 'PIC_URL' D:\wamp\www\young\Application\Common\Common\function.php 第 52 行.
NOTIC: [2] getimagesize(PIC_URL/images/20140702/070228.jpg): failed to open stream: No such file or directory D:\wamp\www\young\Application\Common\Common\function.php 第 52 行.
NOTIC: [8] Use of undefined constant PIC_URL - assumed 'PIC_URL' D:\wamp\www\young\Application\Common\Common\function.php 第 52 行.
NOTIC: [2] getimagesize(PIC_URL/images/20140702/070229.jpg): failed to open stream: No such file or directory D:\wamp\www\young\Application\Common\Common\function.php 第 52 行.
NOTIC: [8] Use of undefined constant PIC_URL - assumed 'PIC_URL' D:\wamp\www\young\Application\Common\Common\function.php 第 52 行.
NOTIC: [2] getimagesize(PIC_URL/images/20140702/070230.jpg): failed to open stream: No such file or directory D:\wamp\www\young\Application\Common\Common\function.php 第 52 行.
NOTIC: [8] Use of undefined constant PIC_URL - assumed 'PIC_URL' D:\wamp\www\young\Application\Common\Common\function.php 第 52 行.
NOTIC: [2] getimagesize(PIC_URL/images/20140701/070101.jpg): failed to open stream: No such file or directory D:\wamp\www\young\Application\Common\Common\function.php 第 52 行.
NOTIC: [8] Use of undefined constant PIC_URL - assumed 'PIC_URL' D:\wamp\www\young\Application\Common\Common\function.php 第 52 行.
NOTIC: [2] getimagesize(PIC_URL/images/20140701/070102.jpg): failed to open stream: No such file or directory D:\wamp\www\young\Application\Common\Common\function.php 第 52 行.
NOTIC: [8] Use of undefined constant PIC_URL - assumed 'PIC_URL' D:\wamp\www\young\Application\Common\Common\function.php 第 52 行.
NOTIC: [2] getimagesize(PIC_URL/images/20140701/070103.jpg): failed to open stream: No such file or directory D:\wamp\www\young\Application\Common\Common\function.php 第 52 行.
NOTIC: [8] Use of undefined constant PIC_URL - assumed 'PIC_URL' D:\wamp\www\young\Application\Common\Common\function.php 第 52 行.
NOTIC: [2] getimagesize(PIC_URL/images/20140701/070104.jpg): failed to open stream: No such file or directory D:\wamp\www\young\Application\Common\Common\function.php 第 52 行.
NOTIC: [8] Use of undefined constant PIC_URL - assumed 'PIC_URL' D:\wamp\www\young\Application\Common\Common\function.php 第 52 行.
NOTIC: [2] getimagesize(PIC_URL/images/20140701/070105.jpg): failed to open stream: No such file or directory D:\wamp\www\young\Application\Common\Common\function.php 第 52 行.
NOTIC: [8] Use of undefined constant PIC_URL - assumed 'PIC_URL' D:\wamp\www\young\Application\Common\Common\function.php 第 52 行.
NOTIC: [2] getimagesize(PIC_URL/images/20140701/070106.jpg): failed to open stream: No such file or directory D:\wamp\www\young\Application\Common\Common\function.php 第 52 行.
NOTIC: [8] Use of undefined constant PIC_URL - assumed 'PIC_URL' D:\wamp\www\young\Application\Common\Common\function.php 第 52 行.
NOTIC: [2] getimagesize(PIC_URL/images/20140701/070107.jpg): failed to open stream: No such file or directory D:\wamp\www\young\Application\Common\Common\function.php 第 52 行.
NOTIC: [8] Use of undefined constant PIC_URL - assumed 'PIC_URL' D:\wamp\www\young\Application\Common\Common\function.php 第 52 行.
NOTIC: [2] getimagesize(PIC_URL/images/20140701/070108.jpg): failed to open stream: No such file or directory D:\wamp\www\young\Application\Common\Common\function.php 第 52 行.
NOTIC: [8] Use of undefined constant PIC_URL - assumed 'PIC_URL' D:\wamp\www\young\Application\Common\Common\function.php 第 52 行.
NOTIC: [2] getimagesize(PIC_URL/images/20140701/070109.jpg): failed to open stream: No such file or directory D:\wamp\www\young\Application\Common\Common\function.php 第 52 行.
NOTIC: [8] Use of undefined constant PIC_URL - assumed 'PIC_URL' D:\wamp\www\young\Application\Common\Common\function.php 第 52 行.
NOTIC: [2] getimagesize(PIC_URL/images/20140701/070110.jpg): failed to open stream: No such file or directory D:\wamp\www\young\Application\Common\Common\function.php 第 52 行.

[ 2016-02-29T15:23:21+08:00 ] 128.1.1.63 /index.php/logout
INFO: [ app_init ] --START--
INFO: Run Behavior\BuildLiteBehavior [ RunTime:0.000033s ]
INFO: [ app_init ] --END-- [ RunTime:0.000592s ]
INFO: [ app_begin ] --START--
INFO: Run Behavior\ReadHtmlCacheBehavior [ RunTime:0.000742s ]
INFO: [ app_begin ] --END-- [ RunTime:0.000897s ]
ERR: 无法加载控制器:Logout

[ 2016-02-29T15:23:28+08:00 ] 128.1.1.63 /index.php
INFO: [ app_init ] --START--
INFO: Run Behavior\BuildLiteBehavior [ RunTime:0.000024s ]
INFO: [ app_init ] --END-- [ RunTime:0.000381s ]
INFO: [ app_begin ] --START--
INFO: Run Behavior\ReadHtmlCacheBehavior [ RunTime:0.000501s ]
INFO: [ app_begin ] --END-- [ RunTime:0.000601s ]
SQL: SHOW COLUMNS FROM `think_pet_intro` [ RunTime:0.0042s ]
SQL: SHOW COLUMNS FROM `think_pet_intro` [ RunTime:0.0048s ]
SQL: SHOW COLUMNS FROM `think_pet_type` [ RunTime:0.0045s ]
SQL: SHOW COLUMNS FROM `think_pet_type` [ RunTime:0.0045s ]
SQL: SELECT * FROM `think_pet_type` LIMIT 20   [ RunTime:0.0003s ]
SQL: SELECT COUNT(*) AS tp_count FROM `think_pet_intro` LIMIT 1   [ RunTime:0.0002s ]
INFO: [ view_parse ] --START--
INFO: [ template_filter ] --START--
INFO: Run Behavior\ContentReplaceBehavior [ RunTime:0.000115s ]
INFO: [ template_filter ] --END-- [ RunTime:0.000248s ]
INFO: Run Behavior\ParseTemplateBehavior [ RunTime:0.015268s ]
INFO: [ view_parse ] --END-- [ RunTime:0.015432s ]
INFO: [ view_filter ] --START--
INFO: Run Behavior\WriteHtmlCacheBehavior [ RunTime:0.000493s ]
INFO: [ view_filter ] --END-- [ RunTime:0.000612s ]
INFO: [ app_end ] --START--
INFO: Run Behavior\ShowPageTraceBehavior [ RunTime:0.000833s ]
INFO: [ app_end ] --END-- [ RunTime:0.000953s ]

[ 2016-02-29T15:23:28+08:00 ] 128.1.1.63 /index.php/
INFO: [ app_init ] --START--
INFO: Run Behavior\BuildLiteBehavior [ RunTime:0.000025s ]
INFO: [ app_init ] --END-- [ RunTime:0.000406s ]
INFO: [ app_begin ] --START--
INFO: Run Behavior\ReadHtmlCacheBehavior [ RunTime:0.000511s ]
INFO: [ app_begin ] --END-- [ RunTime:0.000600s ]
SQL: SHOW COLUMNS FROM `think_pet_intro` [ RunTime:0.0045s ]
SQL: SHOW COLUMNS FROM `think_pet_intro` [ RunTime:0.0046s ]
SQL: SHOW COLUMNS FROM `think_pet_type` [ RunTime:0.0056s ]
SQL: SHOW COLUMNS FROM `think_pet_type` [ RunTime:0.0060s ]
SQL: SELECT * FROM `think_pet_type` LIMIT 20   [ RunTime:0.0009s ]
SQL: SELECT COUNT(*) AS tp_count FROM `think_pet_intro` LIMIT 1   [ RunTime:0.0004s ]
SQL: SELECT * FROM `think_pet_intro` ORDER BY posttime desc LIMIT 0,24   [ RunTime:0.0030s ]
NOTIC: [8] Use of undefined constant PIC_URL - assumed 'PIC_URL' D:\wamp\www\young\Application\Common\Common\function.php 第 52 行.
NOTIC: [2] getimagesize(PIC_URL/images/20140702/070205.jpg): failed to open stream: No such file or directory D:\wamp\www\young\Application\Common\Common\function.php 第 52 行.
NOTIC: [8] Use of undefined constant PIC_URL - assumed 'PIC_URL' D:\wamp\www\young\Application\Common\Common\function.php 第 52 行.
NOTIC: [2] getimagesize(PIC_URL/images/20140702/070206.jpg): failed to open stream: No such file or directory D:\wamp\www\young\Application\Common\Common\function.php 第 52 行.
NOTIC: [8] Use of undefined constant PIC_URL - assumed 'PIC_URL' D:\wamp\www\young\Application\Common\Common\function.php 第 52 行.
NOTIC: [2] getimagesize(PIC_URL/images/20140702/070207.jpg): failed to open stream: No such file or directory D:\wamp\www\young\Application\Common\Common\function.php 第 52 行.
NOTIC: [8] Use of undefined constant PIC_URL - assumed 'PIC_URL' D:\wamp\www\young\Application\Common\Common\function.php 第 52 行.
NOTIC: [2] getimagesize(PIC_URL/images/20140702/070208.jpg): failed to open stream: No such file or directory D:\wamp\www\young\Application\Common\Common\function.php 第 52 行.
NOTIC: [8] Use of undefined constant PIC_URL - assumed 'PIC_URL' D:\wamp\www\young\Application\Common\Common\function.php 第 52 行.
NOTIC: [2] getimagesize(PIC_URL/images/20140702/070209.jpg): failed to open stream: No such file or directory D:\wamp\www\young\Application\Common\Common\function.php 第 52 行.
NOTIC: [8] Use of undefined constant PIC_URL - assumed 'PIC_URL' D:\wamp\www\young\Application\Common\Common\function.php 第 52 行.
NOTIC: [2] getimagesize(PIC_URL/images/20140702/070210.jpg): failed to open stream: No such file or directory D:\wamp\www\young\Application\Common\Common\function.php 第 52 行.
NOTIC: [8] Use of undefined constant PIC_URL - assumed 'PIC_URL' D:\wamp\www\young\Application\Common\Common\function.php 第 52 行.
NOTIC: [2] getimagesize(PIC_URL/images/20140702/070211.jpg): failed to open stream: No such file or directory D:\wamp\www\young\Application\Common\Common\function.php 第 52 行.
NOTIC: [8] Use of undefined constant PIC_URL - assumed 'PIC_URL' D:\wamp\www\young\Application\Common\Common\function.php 第 52 行.
NOTIC: [2] getimagesize(PIC_URL/images/20140702/070212.jpg): failed to open stream: No such file or directory D:\wamp\www\young\Application\Common\Common\function.php 第 52 行.
NOTIC: [8] Use of undefined constant PIC_URL - assumed 'PIC_URL' D:\wamp\www\young\Application\Common\Common\function.php 第 52 行.
NOTIC: [2] getimagesize(PIC_URL/images/20140702/070213.jpg): failed to open stream: No such file or directory D:\wamp\www\young\Application\Common\Common\function.php 第 52 行.
NOTIC: [8] Use of undefined constant PIC_URL - assumed 'PIC_URL' D:\wamp\www\young\Application\Common\Common\function.php 第 52 行.
NOTIC: [2] getimagesize(PIC_URL/images/20140702/070214.jpg): failed to open stream: No such file or directory D:\wamp\www\young\Application\Common\Common\function.php 第 52 行.
NOTIC: [8] Use of undefined constant PIC_URL - assumed 'PIC_URL' D:\wamp\www\young\Application\Common\Common\function.php 第 52 行.
NOTIC: [2] getimagesize(PIC_URL/images/20140702/070215.jpg): failed to open stream: No such file or directory D:\wamp\www\young\Application\Common\Common\function.php 第 52 行.
NOTIC: [8] Use of undefined constant PIC_URL - assumed 'PIC_URL' D:\wamp\www\young\Application\Common\Common\function.php 第 52 行.
NOTIC: [2] getimagesize(PIC_URL/images/20140702/070216.jpg): failed to open stream: No such file or directory D:\wamp\www\young\Application\Common\Common\function.php 第 52 行.
NOTIC: [8] Use of undefined constant PIC_URL - assumed 'PIC_URL' D:\wamp\www\young\Application\Common\Common\function.php 第 52 行.
NOTIC: [2] getimagesize(PIC_URL/images/20140702/070217.jpg): failed to open stream: No such file or directory D:\wamp\www\young\Application\Common\Common\function.php 第 52 行.
NOTIC: [8] Use of undefined constant PIC_URL - assumed 'PIC_URL' D:\wamp\www\young\Application\Common\Common\function.php 第 52 行.
NOTIC: [2] getimagesize(PIC_URL/images/20140702/070218.jpg): failed to open stream: No such file or directory D:\wamp\www\young\Application\Common\Common\function.php 第 52 行.
NOTIC: [8] Use of undefined constant PIC_URL - assumed 'PIC_URL' D:\wamp\www\young\Application\Common\Common\function.php 第 52 行.
NOTIC: [2] getimagesize(PIC_URL/images/20140702/070219.jpg): failed to open stream: No such file or directory D:\wamp\www\young\Application\Common\Common\function.php 第 52 行.
NOTIC: [8] Use of undefined constant PIC_URL - assumed 'PIC_URL' D:\wamp\www\young\Application\Common\Common\function.php 第 52 行.
NOTIC: [2] getimagesize(PIC_URL/images/20140702/070220.jpg): failed to open stream: No such file or directory D:\wamp\www\young\Application\Common\Common\function.php 第 52 行.
NOTIC: [8] Use of undefined constant PIC_URL - assumed 'PIC_URL' D:\wamp\www\young\Application\Common\Common\function.php 第 52 行.
NOTIC: [2] getimagesize(PIC_URL/images/20140702/070221.jpg): failed to open stream: No such file or directory D:\wamp\www\young\Application\Common\Common\function.php 第 52 行.
NOTIC: [8] Use of undefined constant PIC_URL - assumed 'PIC_URL' D:\wamp\www\young\Application\Common\Common\function.php 第 52 行.
NOTIC: [2] getimagesize(PIC_URL/images/20140702/070222.jpg): failed to open stream: No such file or directory D:\wamp\www\young\Application\Common\Common\function.php 第 52 行.
NOTIC: [8] Use of undefined constant PIC_URL - assumed 'PIC_URL' D:\wamp\www\young\Application\Common\Common\function.php 第 52 行.
NOTIC: [2] getimagesize(PIC_URL/images/20140702/070223.jpg): failed to open stream: No such file or directory D:\wamp\www\young\Application\Common\Common\function.php 第 52 行.
NOTIC: [8] Use of undefined constant PIC_URL - assumed 'PIC_URL' D:\wamp\www\young\Application\Common\Common\function.php 第 52 行.
NOTIC: [2] getimagesize(PIC_URL/images/20140702/070224.jpg): failed to open stream: No such file or directory D:\wamp\www\young\Application\Common\Common\function.php 第 52 行.
NOTIC: [8] Use of undefined constant PIC_URL - assumed 'PIC_URL' D:\wamp\www\young\Application\Common\Common\function.php 第 52 行.
NOTIC: [2] getimagesize(PIC_URL/images/20140702/070225.jpg): failed to open stream: No such file or directory D:\wamp\www\young\Application\Common\Common\function.php 第 52 行.
NOTIC: [8] Use of undefined constant PIC_URL - assumed 'PIC_URL' D:\wamp\www\young\Application\Common\Common\function.php 第 52 行.
NOTIC: [2] getimagesize(PIC_URL/images/20140702/070226.jpg): failed to open stream: No such file or directory D:\wamp\www\young\Application\Common\Common\function.php 第 52 行.
NOTIC: [8] Use of undefined constant PIC_URL - assumed 'PIC_URL' D:\wamp\www\young\Application\Common\Common\function.php 第 52 行.
NOTIC: [2] getimagesize(PIC_URL/images/20140702/070227.jpg): failed to open stream: No such file or directory D:\wamp\www\young\Application\Common\Common\function.php 第 52 行.
NOTIC: [8] Use of undefined constant PIC_URL - assumed 'PIC_URL' D:\wamp\www\young\Application\Common\Common\function.php 第 52 行.
NOTIC: [2] getimagesize(PIC_URL/images/20140702/070228.jpg): failed to open stream: No such file or directory D:\wamp\www\young\Application\Common\Common\function.php 第 52 行.

