[ 2016-03-16T09:21:55+08:00 ] 128.1.1.63 /
INFO: [ app_init ] --START--
INFO: Run Behavior\BuildLiteBehavior [ RunTime:0.000052s ]
INFO: [ app_init ] --END-- [ RunTime:0.020729s ]
INFO: [ app_begin ] --START--
INFO: Run Behavior\ReadHtmlCacheBehavior [ RunTime:0.001576s ]
INFO: [ app_begin ] --END-- [ RunTime:0.001781s ]
SQL: SHOW COLUMNS FROM `think_pet_intro` [ RunTime:0.2328s ]
SQL: SHOW COLUMNS FROM `think_pet_intro` [ RunTime:0.0046s ]
SQL: SHOW COLUMNS FROM `think_pet_type` [ RunTime:0.0095s ]
SQL: SHOW COLUMNS FROM `think_pet_type` [ RunTime:0.0045s ]
SQL: SELECT * FROM `think_pet_type` LIMIT 20   [ RunTime:0.0005s ]
SQL: SELECT COUNT(*) AS tp_count FROM `think_pet_intro` LIMIT 1   [ RunTime:0.0005s ]
INFO: [ view_parse ] --START--
INFO: [ template_filter ] --START--
INFO: Run Behavior\ContentReplaceBehavior [ RunTime:0.208628s ]
INFO: [ template_filter ] --END-- [ RunTime:0.208798s ]
INFO: Run Behavior\ParseTemplateBehavior [ RunTime:0.347438s ]
INFO: [ view_parse ] --END-- [ RunTime:0.347607s ]
INFO: [ view_filter ] --START--
INFO: Run Behavior\WriteHtmlCacheBehavior [ RunTime:0.014571s ]
INFO: [ view_filter ] --END-- [ RunTime:0.014722s ]
INFO: [ app_end ] --START--
INFO: Run Behavior\ShowPageTraceBehavior [ RunTime:0.001445s ]
INFO: [ app_end ] --END-- [ RunTime:0.001579s ]

[ 2016-03-16T09:21:56+08:00 ] 128.1.1.63 /index.php/
INFO: [ app_init ] --START--
INFO: Run Behavior\BuildLiteBehavior [ RunTime:0.000027s ]
INFO: [ app_init ] --END-- [ RunTime:0.000425s ]
INFO: [ app_begin ] --START--
INFO: Run Behavior\ReadHtmlCacheBehavior [ RunTime:0.000552s ]
INFO: [ app_begin ] --END-- [ RunTime:0.000639s ]
SQL: SHOW COLUMNS FROM `think_pet_intro` [ RunTime:0.0033s ]
SQL: SHOW COLUMNS FROM `think_pet_intro` [ RunTime:0.0033s ]
SQL: SHOW COLUMNS FROM `think_pet_type` [ RunTime:0.0035s ]
SQL: SHOW COLUMNS FROM `think_pet_type` [ RunTime:0.0033s ]
SQL: SELECT * FROM `think_pet_type` LIMIT 20   [ RunTime:0.0004s ]
SQL: SELECT COUNT(*) AS tp_count FROM `think_pet_intro` LIMIT 1   [ RunTime:0.0004s ]
SQL: SELECT * FROM `think_pet_intro` ORDER BY posttime desc LIMIT 0,24   [ RunTime:0.0312s ]
NOTIC: [8] Use of undefined constant PIC_URL - assumed 'PIC_URL' D:\wamp\www\young\Application\Common\Common\function.php 第 52 行.
NOTIC: [2] getimagesize(PIC_URL/images/20140702/070205.jpg): failed to open stream: No such file or directory D:\wamp\www\young\Application\Common\Common\function.php 第 52 行.
NOTIC: [8] Use of undefined constant PIC_URL - assumed 'PIC_URL' D:\wamp\www\young\Application\Common\Common\function.php 第 52 行.
NOTIC: [2] getimagesize(PIC_URL/images/20140702/070206.jpg): failed to open stream: No such file or directory D:\wamp\www\young\Application\Common\Common\function.php 第 52 行.
NOTIC: [8] Use of undefined constant PIC_URL - assumed 'PIC_URL' D:\wamp\www\young\Application\Common\Common\function.php 第 52 行.
NOTIC: [2] getimagesize(PIC_URL/images/20140702/070207.jpg): failed to open stream: No such file or directory D:\wamp\www\young\Application\Common\Common\function.php 第 52 行.
NOTIC: [8] Use of undefined constant PIC_URL - assumed 'PIC_URL' D:\wamp\www\young\Application\Common\Common\function.php 第 52 行.
NOTIC: [2] getimagesize(PIC_URL/images/20140702/070208.jpg): failed to open stream: No such file or directory D:\wamp\www\young\Application\Common\Common\function.php 第 52 行.
NOTIC: [8] Use of undefined constant PIC_URL - assumed 'PIC_URL' D:\wamp\www\young\Application\Common\Common\function.php 第 52 行.
NOTIC: [2] getimagesize(PIC_URL/images/20140702/070209.jpg): failed to open stream: No such file or directory D:\wamp\www\young\Application\Common\Common\function.php 第 52 行.
NOTIC: [8] Use of undefined constant PIC_URL - assumed 'PIC_URL' D:\wamp\www\young\Application\Common\Common\function.php 第 52 行.
NOTIC: [2] getimagesize(PIC_URL/images/20140702/070210.jpg): failed to open stream: No such file or directory D:\wamp\www\young\Application\Common\Common\function.php 第 52 行.
NOTIC: [8] Use of undefined constant PIC_URL - assumed 'PIC_URL' D:\wamp\www\young\Application\Common\Common\function.php 第 52 行.
NOTIC: [2] getimagesize(PIC_URL/images/20140702/070211.jpg): failed to open stream: No such file or directory D:\wamp\www\young\Application\Common\Common\function.php 第 52 行.
NOTIC: [8] Use of undefined constant PIC_URL - assumed 'PIC_URL' D:\wamp\www\young\Application\Common\Common\function.php 第 52 行.
NOTIC: [2] getimagesize(PIC_URL/images/20140702/070212.jpg): failed to open stream: No such file or directory D:\wamp\www\young\Application\Common\Common\function.php 第 52 行.
NOTIC: [8] Use of undefined constant PIC_URL - assumed 'PIC_URL' D:\wamp\www\young\Application\Common\Common\function.php 第 52 行.
NOTIC: [2] getimagesize(PIC_URL/images/20140702/070213.jpg): failed to open stream: No such file or directory D:\wamp\www\young\Application\Common\Common\function.php 第 52 行.
NOTIC: [8] Use of undefined constant PIC_URL - assumed 'PIC_URL' D:\wamp\www\young\Application\Common\Common\function.php 第 52 行.
NOTIC: [2] getimagesize(PIC_URL/images/20140702/070214.jpg): failed to open stream: No such file or directory D:\wamp\www\young\Application\Common\Common\function.php 第 52 行.
NOTIC: [8] Use of undefined constant PIC_URL - assumed 'PIC_URL' D:\wamp\www\young\Application\Common\Common\function.php 第 52 行.
NOTIC: [2] getimagesize(PIC_URL/images/20140702/070215.jpg): failed to open stream: No such file or directory D:\wamp\www\young\Application\Common\Common\function.php 第 52 行.
NOTIC: [8] Use of undefined constant PIC_URL - assumed 'PIC_URL' D:\wamp\www\young\Application\Common\Common\function.php 第 52 行.
NOTIC: [2] getimagesize(PIC_URL/images/20140702/070216.jpg): failed to open stream: No such file or directory D:\wamp\www\young\Application\Common\Common\function.php 第 52 行.
NOTIC: [8] Use of undefined constant PIC_URL - assumed 'PIC_URL' D:\wamp\www\young\Application\Common\Common\function.php 第 52 行.
NOTIC: [2] getimagesize(PIC_URL/images/20140702/070217.jpg): failed to open stream: No such file or directory D:\wamp\www\young\Application\Common\Common\function.php 第 52 行.
NOTIC: [8] Use of undefined constant PIC_URL - assumed 'PIC_URL' D:\wamp\www\young\Application\Common\Common\function.php 第 52 行.
NOTIC: [2] getimagesize(PIC_URL/images/20140702/070218.jpg): failed to open stream: No such file or directory D:\wamp\www\young\Application\Common\Common\function.php 第 52 行.
NOTIC: [8] Use of undefined constant PIC_URL - assumed 'PIC_URL' D:\wamp\www\young\Application\Common\Common\function.php 第 52 行.
NOTIC: [2] getimagesize(PIC_URL/images/20140702/070219.jpg): failed to open stream: No such file or directory D:\wamp\www\young\Application\Common\Common\function.php 第 52 行.
NOTIC: [8] Use of undefined constant PIC_URL - assumed 'PIC_URL' D:\wamp\www\young\Application\Common\Common\function.php 第 52 行.
NOTIC: [2] getimagesize(PIC_URL/images/20140702/070220.jpg): failed to open stream: No such file or directory D:\wamp\www\young\Application\Common\Common\function.php 第 52 行.
NOTIC: [8] Use of undefined constant PIC_URL - assumed 'PIC_URL' D:\wamp\www\young\Application\Common\Common\function.php 第 52 行.
NOTIC: [2] getimagesize(PIC_URL/images/20140702/070221.jpg): failed to open stream: No such file or directory D:\wamp\www\young\Application\Common\Common\function.php 第 52 行.
NOTIC: [8] Use of undefined constant PIC_URL - assumed 'PIC_URL' D:\wamp\www\young\Application\Common\Common\function.php 第 52 行.
NOTIC: [2] getimagesize(PIC_URL/images/20140702/070222.jpg): failed to open stream: No such file or directory D:\wamp\www\young\Application\Common\Common\function.php 第 52 行.
NOTIC: [8] Use of undefined constant PIC_URL - assumed 'PIC_URL' D:\wamp\www\young\Application\Common\Common\function.php 第 52 行.
NOTIC: [2] getimagesize(PIC_URL/images/20140702/070223.jpg): failed to open stream: No such file or directory D:\wamp\www\young\Application\Common\Common\function.php 第 52 行.
NOTIC: [8] Use of undefined constant PIC_URL - assumed 'PIC_URL' D:\wamp\www\young\Application\Common\Common\function.php 第 52 行.
NOTIC: [2] getimagesize(PIC_URL/images/20140702/070224.jpg): failed to open stream: No such file or directory D:\wamp\www\young\Application\Common\Common\function.php 第 52 行.
NOTIC: [8] Use of undefined constant PIC_URL - assumed 'PIC_URL' D:\wamp\www\young\Application\Common\Common\function.php 第 52 行.
NOTIC: [2] getimagesize(PIC_URL/images/20140702/070225.jpg): failed to open stream: No such file or directory D:\wamp\www\young\Application\Common\Common\function.php 第 52 行.
NOTIC: [8] Use of undefined constant PIC_URL - assumed 'PIC_URL' D:\wamp\www\young\Application\Common\Common\function.php 第 52 行.
NOTIC: [2] getimagesize(PIC_URL/images/20140702/070226.jpg): failed to open stream: No such file or directory D:\wamp\www\young\Application\Common\Common\function.php 第 52 行.
NOTIC: [8] Use of undefined constant PIC_URL - assumed 'PIC_URL' D:\wamp\www\young\Application\Common\Common\function.php 第 52 行.
NOTIC: [2] getimagesize(PIC_URL/images/20140702/070227.jpg): failed to open stream: No such file or directory D:\wamp\www\young\Application\Common\Common\function.php 第 52 行.
NOTIC: [8] Use of undefined constant PIC_URL - assumed 'PIC_URL' D:\wamp\www\young\Application\Common\Common\function.php 第 52 行.
NOTIC: [2] getimagesize(PIC_URL/images/20140702/070228.jpg): failed to open stream: No such file or directory D:\wamp\www\young\Application\Common\Common\function.php 第 52 行.

[ 2016-03-16T09:21:57+08:00 ] 128.1.1.63 /index.php/saylove
INFO: [ app_init ] --START--
INFO: Run Behavior\BuildLiteBehavior [ RunTime:0.000036s ]
INFO: [ app_init ] --END-- [ RunTime:0.000587s ]
INFO: [ app_begin ] --START--
INFO: Run Behavior\ReadHtmlCacheBehavior [ RunTime:0.000720s ]
INFO: [ app_begin ] --END-- [ RunTime:0.000852s ]
SQL: SHOW COLUMNS FROM `think_pet_saylove` [ RunTime:0.1923s ]
SQL: SHOW COLUMNS FROM `think_pet_saylove` [ RunTime:0.0051s ]
SQL: SHOW COLUMNS FROM `think_user` [ RunTime:0.0206s ]
SQL: SHOW COLUMNS FROM `think_user` [ RunTime:0.0045s ]
SQL: SELECT COUNT(*) AS tp_count FROM `think_pet_saylove` LIMIT 1   [ RunTime:0.0003s ]
INFO: [ view_parse ] --START--
INFO: [ template_filter ] --START--
INFO: Run Behavior\ContentReplaceBehavior [ RunTime:0.010520s ]
INFO: [ template_filter ] --END-- [ RunTime:0.010675s ]
INFO: Run Behavior\ParseTemplateBehavior [ RunTime:0.050822s ]
INFO: [ view_parse ] --END-- [ RunTime:0.051092s ]
INFO: [ view_filter ] --START--
INFO: Run Behavior\WriteHtmlCacheBehavior [ RunTime:0.000337s ]
INFO: [ view_filter ] --END-- [ RunTime:0.000462s ]
INFO: [ app_end ] --START--
INFO: Run Behavior\ShowPageTraceBehavior [ RunTime:0.000771s ]
INFO: [ app_end ] --END-- [ RunTime:0.000903s ]

[ 2016-03-16T09:21:58+08:00 ] 128.1.1.63 /index.php/saylove
INFO: [ app_init ] --START--
INFO: Run Behavior\BuildLiteBehavior [ RunTime:0.000027s ]
INFO: [ app_init ] --END-- [ RunTime:0.000425s ]
INFO: [ app_begin ] --START--
INFO: Run Behavior\ReadHtmlCacheBehavior [ RunTime:0.000600s ]
INFO: [ app_begin ] --END-- [ RunTime:0.000699s ]
SQL: SHOW COLUMNS FROM `think_pet_saylove` [ RunTime:0.0038s ]
SQL: SHOW COLUMNS FROM `think_pet_saylove` [ RunTime:0.0038s ]
SQL: SHOW COLUMNS FROM `think_user` [ RunTime:0.0032s ]
SQL: SHOW COLUMNS FROM `think_user` [ RunTime:0.0037s ]
SQL: SELECT COUNT(*) AS tp_count FROM `think_pet_saylove` LIMIT 1   [ RunTime:0.0003s ]
SQL: SELECT * FROM `think_pet_saylove` ORDER BY posttime desc LIMIT 0,24   [ RunTime:0.1820s ]

[ 2016-03-16T09:21:58+08:00 ] 128.1.1.63 /index.php/manus
INFO: [ app_init ] --START--
INFO: Run Behavior\BuildLiteBehavior [ RunTime:0.000033s ]
INFO: [ app_init ] --END-- [ RunTime:0.000559s ]
INFO: [ app_begin ] --START--
INFO: Run Behavior\ReadHtmlCacheBehavior [ RunTime:0.000729s ]
INFO: [ app_begin ] --END-- [ RunTime:0.000862s ]
NOTIC: [2048] Declaration of Home\Controller\ManusController::show() should be compatible with Think\Controller::show($content, $charset = '', $contentType = '', $prefix = '') D:\wamp\www\young\Application\Home\Controller\ManusController.class.php 第 124 行.
SQL: SHOW COLUMNS FROM `think_pet_story` [ RunTime:0.0143s ]
SQL: SHOW COLUMNS FROM `think_pet_story` [ RunTime:0.0045s ]
SQL: SHOW COLUMNS FROM `think_pet_show` [ RunTime:0.0064s ]
SQL: SHOW COLUMNS FROM `think_pet_show` [ RunTime:0.0042s ]
SQL: SHOW COLUMNS FROM `think_pet_show_pic` [ RunTime:0.0137s ]
SQL: SHOW COLUMNS FROM `think_pet_show_pic` [ RunTime:0.0041s ]
SQL: SHOW COLUMNS FROM `think_pet_type` [ RunTime:0.0039s ]
SQL: SHOW COLUMNS FROM `think_pet_type` [ RunTime:0.0039s ]
INFO: [ view_parse ] --START--
INFO: [ template_filter ] --START--
INFO: Run Behavior\ContentReplaceBehavior [ RunTime:0.000091s ]
INFO: [ template_filter ] --END-- [ RunTime:0.000233s ]
INFO: Run Behavior\ParseTemplateBehavior [ RunTime:0.034823s ]
INFO: [ view_parse ] --END-- [ RunTime:0.034973s ]
INFO: [ view_filter ] --START--
INFO: Run Behavior\WriteHtmlCacheBehavior [ RunTime:0.000341s ]
INFO: [ view_filter ] --END-- [ RunTime:0.000464s ]

[ 2016-03-16T09:22:00+08:00 ] 128.1.1.63 /index.php/login
INFO: [ app_init ] --START--
INFO: Run Behavior\BuildLiteBehavior [ RunTime:0.000032s ]
INFO: [ app_init ] --END-- [ RunTime:0.000572s ]
INFO: [ app_begin ] --START--
INFO: Run Behavior\ReadHtmlCacheBehavior [ RunTime:0.000721s ]
INFO: [ app_begin ] --END-- [ RunTime:0.000862s ]
SQL: SHOW COLUMNS FROM `think_user` [ RunTime:0.0038s ]
SQL: SHOW COLUMNS FROM `think_user` [ RunTime:0.0033s ]
SQL: SHOW COLUMNS FROM `think_city` [ RunTime:0.2215s ]
SQL: SHOW COLUMNS FROM `think_city` [ RunTime:0.0039s ]
INFO: [ view_parse ] --START--
INFO: [ template_filter ] --START--
INFO: Run Behavior\ContentReplaceBehavior [ RunTime:0.000115s ]
INFO: [ template_filter ] --END-- [ RunTime:0.000265s ]
INFO: Run Behavior\ParseTemplateBehavior [ RunTime:0.028683s ]
INFO: [ view_parse ] --END-- [ RunTime:0.028822s ]
INFO: [ view_filter ] --START--
INFO: Run Behavior\WriteHtmlCacheBehavior [ RunTime:0.000327s ]
INFO: [ view_filter ] --END-- [ RunTime:0.000452s ]
INFO: [ app_end ] --START--
INFO: Run Behavior\ShowPageTraceBehavior [ RunTime:0.000763s ]
INFO: [ app_end ] --END-- [ RunTime:0.000891s ]

[ 2016-03-16T09:30:20+08:00 ] 128.1.1.63 /index.php/login
INFO: [ app_init ] --START--
INFO: Run Behavior\BuildLiteBehavior [ RunTime:0.000025s ]
INFO: [ app_init ] --END-- [ RunTime:0.000463s ]
INFO: [ app_begin ] --START--
INFO: Run Behavior\ReadHtmlCacheBehavior [ RunTime:0.000647s ]
INFO: [ app_begin ] --END-- [ RunTime:0.000760s ]
SQL: SHOW COLUMNS FROM `think_user` [ RunTime:0.0035s ]
SQL: SHOW COLUMNS FROM `think_user` [ RunTime:0.0032s ]
SQL: SHOW COLUMNS FROM `think_city` [ RunTime:0.0034s ]
SQL: SHOW COLUMNS FROM `think_city` [ RunTime:0.0033s ]
INFO: [ view_parse ] --START--
INFO: [ template_filter ] --START--
INFO: Run Behavior\ContentReplaceBehavior [ RunTime:0.000069s ]
INFO: [ template_filter ] --END-- [ RunTime:0.000178s ]
INFO: Run Behavior\ParseTemplateBehavior [ RunTime:0.008336s ]
INFO: [ view_parse ] --END-- [ RunTime:0.008456s ]
INFO: [ view_filter ] --START--
INFO: Run Behavior\WriteHtmlCacheBehavior [ RunTime:0.000421s ]
INFO: [ view_filter ] --END-- [ RunTime:0.000511s ]
INFO: [ app_end ] --START--
INFO: Run Behavior\ShowPageTraceBehavior [ RunTime:0.000640s ]
INFO: [ app_end ] --END-- [ RunTime:0.000735s ]

[ 2016-03-16T09:30:25+08:00 ] 128.1.1.63 /index.php/login
INFO: [ app_init ] --START--
INFO: Run Behavior\BuildLiteBehavior [ RunTime:0.000037s ]
INFO: [ app_init ] --END-- [ RunTime:0.000646s ]
INFO: [ app_begin ] --START--
INFO: Run Behavior\ReadHtmlCacheBehavior [ RunTime:0.000954s ]
INFO: [ app_begin ] --END-- [ RunTime:0.001096s ]
SQL: SHOW COLUMNS FROM `think_user` [ RunTime:0.0041s ]
SQL: SHOW COLUMNS FROM `think_user` [ RunTime:0.0033s ]
SQL: SHOW COLUMNS FROM `think_city` [ RunTime:0.0030s ]
SQL: SHOW COLUMNS FROM `think_city` [ RunTime:0.0039s ]
SQL: SELECT * FROM `think_user` WHERE ( username="thinkphp" and password="e10adc3949ba59abbe56e057f20f883e" ) LIMIT 1   [ RunTime:0.0008s ]
INFO: [ view_parse ] --START--
INFO: [ template_filter ] --START--
INFO: Run Behavior\ContentReplaceBehavior [ RunTime:0.000067s ]
INFO: [ template_filter ] --END-- [ RunTime:0.000176s ]
INFO: Run Behavior\ParseTemplateBehavior [ RunTime:0.008125s ]
INFO: [ view_parse ] --END-- [ RunTime:0.008234s ]
INFO: [ view_filter ] --START--
INFO: Run Behavior\WriteHtmlCacheBehavior [ RunTime:0.000333s ]
INFO: [ view_filter ] --END-- [ RunTime:0.000421s ]

[ 2016-03-16T09:30:26+08:00 ] 128.1.1.63 /index.php/user
INFO: [ app_init ] --START--
INFO: Run Behavior\BuildLiteBehavior [ RunTime:0.000037s ]
INFO: [ app_init ] --END-- [ RunTime:0.000577s ]
INFO: [ app_begin ] --START--
INFO: Run Behavior\ReadHtmlCacheBehavior [ RunTime:0.000727s ]
INFO: [ app_begin ] --END-- [ RunTime:0.000861s ]
NOTIC: [2048] Declaration of Home\Controller\UserController::show() should be compatible with Think\Controller::show($content, $charset = '', $contentType = '', $prefix = '') D:\wamp\www\young\Application\Home\Controller\UserController.class.php 第 94 行.
SQL: SHOW COLUMNS FROM `think_user` [ RunTime:0.0046s ]
SQL: SHOW COLUMNS FROM `think_user` [ RunTime:0.0043s ]
SQL: SHOW COLUMNS FROM `think_city` [ RunTime:0.0036s ]
SQL: SHOW COLUMNS FROM `think_city` [ RunTime:0.0039s ]
SQL: SHOW COLUMNS FROM `think_pet_saylove` [ RunTime:0.0040s ]
SQL: SHOW COLUMNS FROM `think_pet_saylove` [ RunTime:0.0038s ]
SQL: SHOW COLUMNS FROM `think_pet_story` [ RunTime:0.0044s ]
SQL: SHOW COLUMNS FROM `think_pet_story` [ RunTime:0.0034s ]
SQL: SHOW COLUMNS FROM `think_pet_show` [ RunTime:0.0032s ]
SQL: SHOW COLUMNS FROM `think_pet_show` [ RunTime:0.0031s ]
SQL: SELECT * FROM `think_user` WHERE ( id = 1 ) LIMIT 1   [ RunTime:0.0003s ]
SQL: SELECT COUNT(*) AS tp_count FROM `think_pet_story` WHERE ( u_id = 1 ) LIMIT 1   [ RunTime:0.0090s ]
SQL: SELECT * FROM `think_pet_story` WHERE ( u_id = 1 ) ORDER BY posttime desc LIMIT 0,10   [ RunTime:0.0003s ]
INFO: [ view_parse ] --START--
INFO: [ template_filter ] --START--
INFO: Run Behavior\ContentReplaceBehavior [ RunTime:0.000166s ]
INFO: [ template_filter ] --END-- [ RunTime:0.000338s ]
INFO: Run Behavior\ParseTemplateBehavior [ RunTime:0.025743s ]
INFO: [ view_parse ] --END-- [ RunTime:0.025865s ]
INFO: [ view_filter ] --START--
INFO: Run Behavior\WriteHtmlCacheBehavior [ RunTime:0.000241s ]
INFO: [ view_filter ] --END-- [ RunTime:0.000330s ]
INFO: [ app_end ] --START--
INFO: Run Behavior\ShowPageTraceBehavior [ RunTime:0.000666s ]
INFO: [ app_end ] --END-- [ RunTime:0.000756s ]

