[ 2016-02-19T11:09:34+08:00 ] 128.1.1.67 /index.php/index
INFO: [ app_init ] --START--
INFO: Run Behavior\BuildLiteBehavior [ RunTime:0.000028s ]
INFO: [ app_init ] --END-- [ RunTime:0.000497s ]
ERR: 无法加载模块:Index

[ 2016-02-19T11:09:35+08:00 ] 128.1.1.67 /index.php/index
INFO: [ app_init ] --START--
INFO: Run Behavior\BuildLiteBehavior [ RunTime:0.000045s ]
INFO: [ app_init ] --END-- [ RunTime:0.001141s ]
ERR: 无法加载模块:Index

[ 2016-02-19T11:09:35+08:00 ] 128.1.1.67 /index.php/index
INFO: [ app_init ] --START--
INFO: Run Behavior\BuildLiteBehavior [ RunTime:0.000036s ]
INFO: [ app_init ] --END-- [ RunTime:0.000710s ]
ERR: 无法加载模块:Index

[ 2016-02-19T11:09:35+08:00 ] 128.1.1.67 /index.php/index
INFO: [ app_init ] --START--
INFO: Run Behavior\BuildLiteBehavior [ RunTime:0.000029s ]
INFO: [ app_init ] --END-- [ RunTime:0.000512s ]
ERR: 无法加载模块:Index

[ 2016-02-19T11:09:47+08:00 ] 128.1.1.67 /index.php/index
INFO: [ app_init ] --START--
INFO: Run Behavior\BuildLiteBehavior [ RunTime:0.000028s ]
INFO: [ app_init ] --END-- [ RunTime:0.000438s ]
ERR: 无法加载模块:Index

[ 2016-02-19T11:09:48+08:00 ] 128.1.1.67 /index.php/index
INFO: [ app_init ] --START--
INFO: Run Behavior\BuildLiteBehavior [ RunTime:0.000031s ]
INFO: [ app_init ] --END-- [ RunTime:0.000486s ]
ERR: 无法加载模块:Index

[ 2016-02-19T11:09:48+08:00 ] 128.1.1.67 /index.php/index
INFO: [ app_init ] --START--
INFO: Run Behavior\BuildLiteBehavior [ RunTime:0.000037s ]
INFO: [ app_init ] --END-- [ RunTime:0.000663s ]
ERR: 无法加载模块:Index

[ 2016-02-19T11:09:48+08:00 ] 128.1.1.67 /index.php/index
INFO: [ app_init ] --START--
INFO: Run Behavior\BuildLiteBehavior [ RunTime:0.000042s ]
INFO: [ app_init ] --END-- [ RunTime:0.000838s ]
ERR: 无法加载模块:Index

[ 2016-02-19T11:09:55+08:00 ] 128.1.1.67 /index.php/index
INFO: [ app_init ] --START--
INFO: Run Behavior\BuildLiteBehavior [ RunTime:0.000026s ]
INFO: [ app_init ] --END-- [ RunTime:0.000460s ]
ERR: 无法加载模块:Index

[ 2016-02-19T11:09:57+08:00 ] 128.1.1.67 /index.php/index
INFO: [ app_init ] --START--
INFO: Run Behavior\BuildLiteBehavior [ RunTime:0.000030s ]
INFO: [ app_init ] --END-- [ RunTime:0.000658s ]
ERR: 无法加载模块:Index

[ 2016-02-19T11:09:57+08:00 ] 128.1.1.67 /index.php/index
INFO: [ app_init ] --START--
INFO: Run Behavior\BuildLiteBehavior [ RunTime:0.000033s ]
INFO: [ app_init ] --END-- [ RunTime:0.000519s ]
ERR: 无法加载模块:Index

[ 2016-02-19T11:09:57+08:00 ] 128.1.1.67 /index.php/index
INFO: [ app_init ] --START--
INFO: Run Behavior\BuildLiteBehavior [ RunTime:0.000117s ]
INFO: [ app_init ] --END-- [ RunTime:0.000864s ]
ERR: 无法加载模块:Index

[ 2016-02-19T11:10:14+08:00 ] 128.1.1.67 /index.php/index
INFO: [ app_init ] --START--
INFO: Run Behavior\BuildLiteBehavior [ RunTime:0.000025s ]
INFO: [ app_init ] --END-- [ RunTime:0.000438s ]
ERR: 无法加载模块:Index

[ 2016-02-19T11:10:15+08:00 ] 128.1.1.67 /index.php/index
INFO: [ app_init ] --START--
INFO: Run Behavior\BuildLiteBehavior [ RunTime:0.000024s ]
INFO: [ app_init ] --END-- [ RunTime:0.000391s ]
ERR: 无法加载模块:Index

[ 2016-02-19T11:10:16+08:00 ] 128.1.1.67 /index.php/index
INFO: [ app_init ] --START--
INFO: Run Behavior\BuildLiteBehavior [ RunTime:0.000041s ]
INFO: [ app_init ] --END-- [ RunTime:0.000641s ]
ERR: 无法加载模块:Index

[ 2016-02-19T11:10:27+08:00 ] 128.1.1.67 /index.php/index
INFO: [ app_init ] --START--
INFO: Run Behavior\BuildLiteBehavior [ RunTime:0.000034s ]
INFO: [ app_init ] --END-- [ RunTime:0.000612s ]
ERR: 无法加载模块:Index

[ 2016-02-19T11:11:54+08:00 ] 128.1.1.67 /index.php/index
INFO: [ app_init ] --START--
INFO: Run Behavior\BuildLiteBehavior [ RunTime:0.000026s ]
INFO: [ app_init ] --END-- [ RunTime:0.000483s ]
ERR: 无法加载模块:Index

[ 2016-02-19T11:11:55+08:00 ] 128.1.1.67 /index.php/index
INFO: [ app_init ] --START--
INFO: Run Behavior\BuildLiteBehavior [ RunTime:0.000033s ]
INFO: [ app_init ] --END-- [ RunTime:0.000594s ]
ERR: 无法加载模块:Index

[ 2016-02-19T11:11:55+08:00 ] 128.1.1.67 /index.php/index
INFO: [ app_init ] --START--
INFO: Run Behavior\BuildLiteBehavior [ RunTime:0.000037s ]
INFO: [ app_init ] --END-- [ RunTime:0.000571s ]
ERR: 无法加载模块:Index

[ 2016-02-19T11:11:56+08:00 ] 128.1.1.67 /index.php/index
INFO: [ app_init ] --START--
INFO: Run Behavior\BuildLiteBehavior [ RunTime:0.000036s ]
INFO: [ app_init ] --END-- [ RunTime:0.000656s ]
ERR: 无法加载模块:Index

[ 2016-02-19T13:11:54+08:00 ] 128.1.1.67 /index.php/index
INFO: [ app_init ] --START--
INFO: Run Behavior\BuildLiteBehavior [ RunTime:0.000030s ]
INFO: [ app_init ] --END-- [ RunTime:0.000502s ]
ERR: 无法加载模块:Index

[ 2016-02-19T13:11:55+08:00 ] 128.1.1.67 /index.php/index
INFO: [ app_init ] --START--
INFO: Run Behavior\BuildLiteBehavior [ RunTime:0.000025s ]
INFO: [ app_init ] --END-- [ RunTime:0.000438s ]
ERR: 无法加载模块:Index

[ 2016-02-19T13:11:55+08:00 ] 128.1.1.67 /index.php/index
INFO: [ app_init ] --START--
INFO: Run Behavior\BuildLiteBehavior [ RunTime:0.000027s ]
INFO: [ app_init ] --END-- [ RunTime:0.000454s ]
ERR: 无法加载模块:Index

[ 2016-02-19T13:11:55+08:00 ] 128.1.1.67 /index.php/index
INFO: [ app_init ] --START--
INFO: Run Behavior\BuildLiteBehavior [ RunTime:0.000045s ]
INFO: [ app_init ] --END-- [ RunTime:0.000837s ]
ERR: 无法加载模块:Index

[ 2016-02-19T13:17:12+08:00 ] 128.1.1.67 /index.php/index
INFO: [ app_init ] --START--
INFO: Run Behavior\BuildLiteBehavior [ RunTime:0.000027s ]
INFO: [ app_init ] --END-- [ RunTime:0.000505s ]
ERR: 无法加载模块:Index

[ 2016-02-19T13:17:37+08:00 ] 128.1.1.67 /index.php/index
INFO: [ app_init ] --START--
INFO: Run Behavior\BuildLiteBehavior [ RunTime:0.000028s ]
INFO: [ app_init ] --END-- [ RunTime:0.000497s ]
ERR: 无法加载模块:Index

[ 2016-02-19T13:17:42+08:00 ] 128.1.1.67 /index.php/index
INFO: [ app_init ] --START--
INFO: Run Behavior\BuildLiteBehavior [ RunTime:0.000035s ]
INFO: [ app_init ] --END-- [ RunTime:0.000610s ]
ERR: 无法加载模块:Index

[ 2016-02-19T13:17:47+08:00 ] 128.1.1.67 /index.php/index
INFO: [ app_init ] --START--
INFO: Run Behavior\BuildLiteBehavior [ RunTime:0.000025s ]
INFO: [ app_init ] --END-- [ RunTime:0.000440s ]
ERR: 无法加载模块:Index

[ 2016-02-19T13:48:25+08:00 ] 128.1.1.67 /index.php/story
INFO: [ app_init ] --START--
INFO: Run Behavior\BuildLiteBehavior [ RunTime:0.000029s ]
INFO: [ app_init ] --END-- [ RunTime:0.000546s ]
ERR: 无法加载模块:Story

[ 2016-02-19T13:55:20+08:00 ] 128.1.1.67 /index.php/index
INFO: [ app_init ] --START--
INFO: Run Behavior\BuildLiteBehavior [ RunTime:0.000030s ]
INFO: [ app_init ] --END-- [ RunTime:0.000962s ]
ERR: 无法加载模块:Index

[ 2016-02-19T13:55:22+08:00 ] 128.1.1.67 /index.php/fight
INFO: [ app_init ] --START--
INFO: Run Behavior\BuildLiteBehavior [ RunTime:0.000035s ]
INFO: [ app_init ] --END-- [ RunTime:0.000594s ]
ERR: 无法加载模块:Fight

[ 2016-02-19T13:55:24+08:00 ] 128.1.1.67 /index.php/index
INFO: [ app_init ] --START--
INFO: Run Behavior\BuildLiteBehavior [ RunTime:0.000025s ]
INFO: [ app_init ] --END-- [ RunTime:0.000415s ]
ERR: 无法加载模块:Index

[ 2016-02-19T13:55:26+08:00 ] 128.1.1.67 /index.php/index
INFO: [ app_init ] --START--
INFO: Run Behavior\BuildLiteBehavior [ RunTime:0.000027s ]
INFO: [ app_init ] --END-- [ RunTime:0.000534s ]
ERR: 无法加载模块:Index

[ 2016-02-19T14:03:15+08:00 ] 128.1.1.67 /index.php/index
INFO: [ app_init ] --START--
INFO: Run Behavior\BuildLiteBehavior [ RunTime:0.000029s ]
INFO: [ app_init ] --END-- [ RunTime:0.000466s ]
ERR: 无法加载模块:Index

[ 2016-02-19T14:04:26+08:00 ] 128.1.1.67 /index.php/index
INFO: [ app_init ] --START--
INFO: Run Behavior\BuildLiteBehavior [ RunTime:0.000037s ]
INFO: [ app_init ] --END-- [ RunTime:0.000737s ]
ERR: 无法加载模块:Index

[ 2016-02-19T14:04:28+08:00 ] 128.1.1.67 /index.php/index
INFO: [ app_init ] --START--
INFO: Run Behavior\BuildLiteBehavior [ RunTime:0.000036s ]
INFO: [ app_init ] --END-- [ RunTime:0.000559s ]
ERR: 无法加载模块:Index

[ 2016-02-19T14:04:48+08:00 ] 128.1.1.67 /index.php/index
INFO: [ app_init ] --START--
INFO: Run Behavior\BuildLiteBehavior [ RunTime:0.000031s ]
INFO: [ app_init ] --END-- [ RunTime:0.000440s ]
ERR: 无法加载模块:Index

[ 2016-02-19T14:05:01+08:00 ] 128.1.1.67 /index.php/index
INFO: [ app_init ] --START--
INFO: Run Behavior\BuildLiteBehavior [ RunTime:0.000028s ]
INFO: [ app_init ] --END-- [ RunTime:0.000443s ]
ERR: 无法加载模块:Index

[ 2016-02-19T14:05:02+08:00 ] 128.1.1.67 /index.php/story
INFO: [ app_init ] --START--
INFO: Run Behavior\BuildLiteBehavior [ RunTime:0.000037s ]
INFO: [ app_init ] --END-- [ RunTime:0.000564s ]
ERR: 无法加载模块:Story

[ 2016-02-19T14:06:35+08:00 ] 128.1.1.67 /index.php/index
INFO: [ app_init ] --START--
INFO: Run Behavior\BuildLiteBehavior [ RunTime:0.000033s ]
INFO: [ app_init ] --END-- [ RunTime:0.000783s ]
ERR: 无法加载模块:Index

[ 2016-02-19T14:06:39+08:00 ] 128.1.1.67 /index.php/index
INFO: [ app_init ] --START--
INFO: Run Behavior\BuildLiteBehavior [ RunTime:0.000026s ]
INFO: [ app_init ] --END-- [ RunTime:0.000476s ]
ERR: 无法加载模块:Index

[ 2016-02-19T14:06:39+08:00 ] 128.1.1.67 /index.php/index
INFO: [ app_init ] --START--
INFO: Run Behavior\BuildLiteBehavior [ RunTime:0.000037s ]
INFO: [ app_init ] --END-- [ RunTime:0.000819s ]
ERR: 无法加载模块:Index

[ 2016-02-19T14:06:44+08:00 ] 128.1.1.67 /index.php/index
INFO: [ app_init ] --START--
INFO: Run Behavior\BuildLiteBehavior [ RunTime:0.000036s ]
INFO: [ app_init ] --END-- [ RunTime:0.000490s ]
ERR: 无法加载模块:Index

[ 2016-02-19T14:06:47+08:00 ] 128.1.1.67 /index.php/index
INFO: [ app_init ] --START--
INFO: Run Behavior\BuildLiteBehavior [ RunTime:0.000037s ]
INFO: [ app_init ] --END-- [ RunTime:0.000502s ]
ERR: 无法加载模块:Index

[ 2016-02-19T14:06:48+08:00 ] 128.1.1.67 /index.php/index
INFO: [ app_init ] --START--
INFO: Run Behavior\BuildLiteBehavior [ RunTime:0.000301s ]
INFO: [ app_init ] --END-- [ RunTime:0.001505s ]
ERR: 无法加载模块:Index

[ 2016-02-19T14:06:48+08:00 ] 128.1.1.67 /index.php/index
INFO: [ app_init ] --START--
INFO: Run Behavior\BuildLiteBehavior [ RunTime:0.000033s ]
INFO: [ app_init ] --END-- [ RunTime:0.000494s ]
ERR: 无法加载模块:Index

[ 2016-02-19T14:20:38+08:00 ] 128.1.1.67 /index.php/story
INFO: [ app_init ] --START--
INFO: Run Behavior\BuildLiteBehavior [ RunTime:0.000026s ]
INFO: [ app_init ] --END-- [ RunTime:0.000704s ]
ERR: 无法加载模块:Story

